Log file open, 01/18/24 16:54:10
LogWindows: Failed to load 'aqProf.dll' (GetLastError=126)
LogWindows: File 'aqProf.dll' does not exist
LogWindows: Failed to load 'VtuneApi.dll' (GetLastError=126)
LogWindows: File 'VtuneApi.dll' does not exist
LogWindows: Failed to load 'VtuneApi32e.dll' (GetLastError=126)
LogWindows: File 'VtuneApi32e.dll' does not exist
LogConsoleResponse: Display: Failed to find resolution value strings in scalability ini. Falling back to default.
LogConsoleResponse: Display: Failed to find resolution value strings in scalability ini. Falling back to default.
LogInit: Display: Running engine for game: PGV_tower_defense
LogPlatformFile: Not using cached read wrapper
LogTaskGraph: Started task graph with 5 named threads and 23 total threads with 3 sets of task threads.
LogStats: Stats thread started at 0.215750
LogICUInternationalization: ICU TimeZone Detection - Raw Offset: +1:00, Platform Override: ''
LogInit: Display: Loading text-based GConfig....
LogPluginManager: Mounting plugin MeshPainting
LogPluginManager: Mounting plugin XGEController
LogPluginManager: Mounting plugin Paper2D
LogPluginManager: Mounting plugin AISupport
LogPluginManager: Mounting plugin EnvironmentQueryEditor
LogPluginManager: Mounting plugin LightPropagationVolume
LogPluginManager: Mounting plugin LiveLink
LogPluginManager: Mounting plugin CameraShakePreviewer
LogPluginManager: Mounting plugin GameplayCameras
LogPluginManager: Mounting plugin OodleData
LogPluginManager: Mounting plugin OodleNetwork
LogPluginManager: Mounting plugin AnimationSharing
LogPluginManager: Mounting plugin CLionSourceCodeAccess
LogPluginManager: Mounting plugin DatasmithContent
LogPluginManager: Mounting plugin CodeLiteSourceCodeAccess
LogPluginManager: Mounting plugin GitSourceControl
LogPluginManager: Mounting plugin KDevelopSourceCodeAccess
LogPluginManager: Mounting plugin NullSourceCodeAccess
LogPluginManager: Mounting plugin PerforceSourceControl
LogPluginManager: Mounting plugin PixWinPlugin
LogPluginManager: Mounting plugin PlasticSourceControl
LogPluginManager: Mounting plugin PluginUtils
LogPluginManager: Mounting plugin VariantManagerContent
LogPluginManager: Mounting plugin PropertyAccessNode
LogPluginManager: Mounting plugin RiderSourceCodeAccess
LogPluginManager: Mounting plugin SubversionSourceControl
LogPluginManager: Mounting plugin TextureFormatOodle
LogPluginManager: Mounting plugin UObjectPlugin
LogPluginManager: Mounting plugin VisualStudioCodeSourceCodeAccess
LogPluginManager: Mounting plugin VisualStudioSourceCodeAccess
LogPluginManager: Mounting plugin XCodeSourceCodeAccess
LogPluginManager: Mounting plugin AssetManagerEditor
LogPluginManager: Mounting plugin Niagara
LogPluginManager: Mounting plugin CryptoKeys
LogPluginManager: Mounting plugin CurveEditorTools
LogPluginManager: Mounting plugin DataValidation
LogPluginManager: Mounting plugin FacialAnimation
LogPluginManager: Mounting plugin GameplayTagsEditor
LogPluginManager: Mounting plugin GeometryMode
LogPluginManager: Mounting plugin MacGraphicsSwitching
LogPluginManager: Mounting plugin MaterialAnalyzer
LogPluginManager: Mounting plugin MobileLauncherProfileWizard
LogPluginManager: Mounting plugin PluginBrowser
LogPluginManager: Mounting plugin SpeedTreeImporter
LogPluginManager: Mounting plugin AndroidMedia
LogPluginManager: Mounting plugin AlembicImporter
LogPluginManager: Mounting plugin AvfMedia
LogPluginManager: Mounting plugin AutomationUtils
LogPluginManager: Mounting plugin BackChannel
LogPluginManager: Mounting plugin ChaosCloth
LogPluginManager: Mounting plugin ChaosClothEditor
LogPluginManager: Mounting plugin ChaosEditor
LogPluginManager: Mounting plugin ChaosNiagara
LogPluginManager: Mounting plugin ImgMedia
LogPluginManager: Mounting plugin ChaosSolverPlugin
LogPluginManager: Mounting plugin MediaCompositing
LogPluginManager: Mounting plugin CharacterAI
LogPluginManager: Mounting plugin MediaPlayerEditor
LogPluginManager: Mounting plugin WebMMedia
LogPluginManager: Mounting plugin WmfMedia
LogPluginManager: Mounting plugin GeometryCache
LogPluginManager: Mounting plugin GeometryCollectionPlugin
LogPluginManager: Mounting plugin GeometryProcessing
LogPluginManager: Mounting plugin MotoSynth
LogPluginManager: Mounting plugin OpenImageDenoise
LogPluginManager: Mounting plugin PlanarCut
LogPluginManager: Mounting plugin ProxyLODPlugin
LogPluginManager: Mounting plugin PlatformCrypto
LogPluginManager: Mounting plugin PythonScriptPlugin
LogPluginManager: Mounting plugin LuminPlatformFeatures
LogPluginManager: Mounting plugin TcpMessaging
LogPluginManager: Mounting plugin MagicLeap
LogPluginManager: Mounting plugin UdpMessaging
LogPluginManager: Mounting plugin MagicLeapLightEstimation
LogPluginManager: Mounting plugin MagicLeapMedia
LogPluginManager: Mounting plugin SkeletalReduction
LogPluginManager: Mounting plugin MagicLeapPassableWorld
LogPluginManager: Mounting plugin MLSDK
LogPluginManager: Mounting plugin OnlineSubsystem
LogPluginManager: Mounting plugin OnlineSubsystemNull
LogPluginManager: Mounting plugin OnlineSubsystemUtils
LogPluginManager: Mounting plugin ActorSequence
LogPluginManager: Mounting plugin MatineeToLevelSequence
LogPluginManager: Mounting plugin LevelSequenceEditor
LogPluginManager: Mounting plugin TemplateSequence
LogPluginManager: Mounting plugin LauncherChunkInstaller
LogPluginManager: Mounting plugin AndroidDeviceProfileSelector
LogPluginManager: Mounting plugin AndroidPermission
LogPluginManager: Mounting plugin AndroidMoviePlayer
LogPluginManager: Mounting plugin ActorLayerUtilities
LogPluginManager: Mounting plugin AppleImageUtils
LogPluginManager: Mounting plugin AppleMoviePlayer
LogPluginManager: Mounting plugin ArchVisCharacter
LogPluginManager: Mounting plugin AudioCapture
LogPluginManager: Mounting plugin AssetTags
LogPluginManager: Mounting plugin AudioSynesthesia
LogPluginManager: Mounting plugin CableComponent
LogPluginManager: Mounting plugin ChunkDownloader
LogPluginManager: Mounting plugin CustomMeshComponent
LogPluginManager: Mounting plugin ExampleDeviceProfileSelector
LogPluginManager: Mounting plugin EditableMesh
LogPluginManager: Mounting plugin ScreenshotTools
LogPluginManager: Mounting plugin GoogleCloudMessaging
LogPluginManager: Mounting plugin GooglePAD
LogPluginManager: Mounting plugin IOSDeviceProfileSelector
LogPluginManager: Mounting plugin LinuxDeviceProfileSelector
LogPluginManager: Mounting plugin LocationServicesBPLibrary
LogPluginManager: Mounting plugin MobilePatchingUtils
LogPluginManager: Mounting plugin OpenXR
LogPluginManager: Mounting plugin OpenXREyeTracker
LogPluginManager: Mounting plugin Takes
LogPluginManager: Mounting plugin OpenXRHandTracking
LogPluginManager: Mounting plugin PhysXVehicles
LogPluginManager: Mounting plugin PostSplashScreen
LogPluginManager: Mounting plugin ProceduralMeshComponent
LogPluginManager: Mounting plugin PropertyAccessEditor
LogPluginManager: Mounting plugin SignificanceManager
LogPluginManager: Mounting plugin RuntimePhysXCooking
LogPluginManager: Mounting plugin SoundFields
LogPluginManager: Mounting plugin Synthesis
LogPluginManager: Mounting plugin WebMMoviePlayer
LogPluginManager: Mounting plugin WindowsMoviePlayer
LogPluginManager: Mounting plugin ContentBrowserAssetDataSource
LogPluginManager: Mounting plugin ContentBrowserClassDataSource
LogPluginManager: Mounting plugin ContentBrowserFileDataSource
LogPluginManager: Mounting plugin OnlineSubsystemGooglePlay
LogPluginManager: Mounting plugin OnlineSubsystemIOS
LogPluginManager: Mounting plugin OculusVR
LogPluginManager: Mounting plugin SteamVR
PixWinPlugin: PIX capture plugin failed to initialize! Check that the process is launched from PIX.
LogInit: Using libcurl 7.55.1-DEV
LogInit:  - built for x86_64-pc-win32
LogInit:  - supports SSL with OpenSSL/1.1.1
LogInit:  - supports HTTP deflate (compression) using libz 1.2.8
LogInit:  - other features:
LogInit:      CURL_VERSION_SSL
LogInit:      CURL_VERSION_LIBZ
LogInit:      CURL_VERSION_IPV6
LogInit:      CURL_VERSION_ASYNCHDNS
LogInit:      CURL_VERSION_LARGEFILE
LogInit:      CURL_VERSION_IDN
LogInit:  CurlRequestOptions (configurable via config and command line):
LogInit:  - bVerifyPeer = true  - Libcurl will verify peer certificate
LogInit:  - bUseHttpProxy = false  - Libcurl will NOT use HTTP proxy
LogInit:  - bDontReuseConnections = false  - Libcurl will reuse connections
LogInit:  - MaxHostConnections = 16  - Libcurl will limit the number of connections to a host
LogInit:  - LocalHostAddr = Default
LogInit:  - BufferSize = 65536
LogOnline: OSS: Creating online subsystem instance for: NULL
LogInit: WinSock: version 1.1 (2.2), MaxSocks=32767, MaxUdp=65467
LogOnline: OSS: TryLoadSubsystemAndSetDefault: Loaded subsystem for module [NULL]
LogOculusPluginWrapper: OculusPlugin initialized successfully
LogHMD: Failed initializing OVRPlugin 1.59.0
LogInit: Build: ++UE4+Release-4.27-CL-18319896
LogInit: Engine Version: 4.27.2-18319896+++UE4+Release-4.27
LogInit: Compatible Engine Version: 4.27.0-17155196+++UE4+Release-4.27
LogInit: Net CL: 17155196
LogInit: OS: Windows 10 (Release 2009) (), CPU: 11th Gen Intel(R) Core(TM) i7-1165G7 @ 2.80GHz, GPU: Intel(R) Iris(R) Xe Graphics
LogInit: Compiled (64-bit): Nov 30 2021 07:12:08
LogInit: Compiled with Visual C++: 19.24.28315.00
LogInit: Build Configuration: Development
LogInit: Branch Name: ++UE4+Release-4.27
LogInit: Command Line: 
LogInit: Base Directory: C:/Program Files/Epic Games/UE_4.27/Engine/Binaries/Win64/
LogInit: Allocator: TBB
LogInit: Installed Engine Build: 1
LogDevObjectVersion: Number of dev versions registered: 29
LogDevObjectVersion:   Dev-Blueprints (B0D832E4-1F89-4F0D-ACCF-7EB736FD4AA2): 10
LogDevObjectVersion:   Dev-Build (E1C64328-A22C-4D53-A36C-8E866417BD8C): 0
LogDevObjectVersion:   Dev-Core (375EC13C-06E4-48FB-B500-84F0262A717E): 4
LogDevObjectVersion:   Dev-Editor (E4B068ED-F494-42E9-A231-DA0B2E46BB41): 40
LogDevObjectVersion:   Dev-Framework (CFFC743F-43B0-4480-9391-14DF171D2073): 37
LogDevObjectVersion:   Dev-Mobile (B02B49B5-BB20-44E9-A304-32B752E40360): 3
LogDevObjectVersion:   Dev-Networking (A4E4105C-59A1-49B5-A7C5-40C4547EDFEE): 0
LogDevObjectVersion:   Dev-Online (39C831C9-5AE6-47DC-9A44-9C173E1C8E7C): 0
LogDevObjectVersion:   Dev-Physics (78F01B33-EBEA-4F98-B9B4-84EACCB95AA2): 14
LogDevObjectVersion:   Dev-Platform (6631380F-2D4D-43E0-8009-CF276956A95A): 0
LogDevObjectVersion:   Dev-Rendering (12F88B9F-8875-4AFC-A67C-D90C383ABD29): 45
LogDevObjectVersion:   Dev-Sequencer (7B5AE74C-D270-4C10-A958-57980B212A5A): 13
LogDevObjectVersion:   Dev-VR (D7296918-1DD6-4BDD-9DE2-64A83CC13884): 3
LogDevObjectVersion:   Dev-LoadTimes (C2A15278-BFE7-4AFE-6C17-90FF531DF755): 1
LogDevObjectVersion:   Private-Geometry (6EACA3D4-40EC-4CC1-B786-8BED09428FC5): 3
LogDevObjectVersion:   Dev-AnimPhys (29E575DD-E0A3-4627-9D10-D276232CDCEA): 17
LogDevObjectVersion:   Dev-Anim (AF43A65D-7FD3-4947-9873-3E8ED9C1BB05): 15
LogDevObjectVersion:   Dev-ReflectionCapture (6B266CEC-1EC7-4B8F-A30B-E4D90942FC07): 1
LogDevObjectVersion:   Dev-Automation (0DF73D61-A23F-47EA-B727-89E90C41499A): 1
LogDevObjectVersion:   FortniteMain (601D1886-AC64-4F84-AA16-D3DE0DEAC7D6): 47
LogDevObjectVersion:   FortniteRelease (E7086368-6B23-4C58-8439-1B7016265E91): 1
LogDevObjectVersion:   Dev-Enterprise (9DFFBCD6-494F-0158-E221-12823C92A888): 10
LogDevObjectVersion:   Dev-Niagara (F2AED0AC-9AFE-416F-8664-AA7FFA26D6FC): 1
LogDevObjectVersion:   Dev-Destruction (174F1F0B-B4C6-45A5-B13F-2EE8D0FB917D): 10
LogDevObjectVersion:   Dev-Physics-Ext (35F94A83-E258-406C-A318-09F59610247C): 41
LogDevObjectVersion:   Dev-PhysicsMaterial-Chaos (B68FC16E-8B1B-42E2-B453-215C058844FE): 1
LogDevObjectVersion:   Dev-CineCamera (B2E18506-4273-CFC2-A54E-F4BB758BBA07): 1
LogDevObjectVersion:   Dev-VirtualProduction (64F58936-FD1B-42BA-BA96-7289D5D0FA4E): 1
LogDevObjectVersion:   Dev-MediaFramework (6F0ED827-A609-4895-9C91-998D90180EA4): 2
LogInit: Presizing for max 25165824 objects, including 0 objects not considered by GC, pre-allocating 0 bytes for permanent pool.
LogConfig: Applying CVar settings from Section [/Script/Engine.StreamingSettings] File [C:/Users/ipabl/Documents/Unreal Projects/PVG/Lucia/PGV-level_dock/Saved/Config/Windows/Engine.ini]
LogConfig: Setting CVar [[s.MinBulkDataSizeForAsyncLoading:131072]]
LogConfig: Setting CVar [[s.AsyncLoadingThreadEnabled:0]]
LogConfig: Setting CVar [[s.EventDrivenLoaderEnabled:1]]
LogConfig: Setting CVar [[s.WarnIfTimeLimitExceeded:0]]
LogConfig: Setting CVar [[s.TimeLimitExceededMultiplier:1.5]]
LogConfig: Setting CVar [[s.TimeLimitExceededMinTime:0.005]]
LogConfig: Setting CVar [[s.UseBackgroundLevelStreaming:1]]
LogConfig: Setting CVar [[s.PriorityAsyncLoadingExtraTime:15.0]]
LogConfig: Setting CVar [[s.LevelStreamingActorsUpdateTimeLimit:5.0]]
LogConfig: Setting CVar [[s.PriorityLevelStreamingActorsUpdateExtraTime:5.0]]
LogConfig: Setting CVar [[s.LevelStreamingComponentsRegistrationGranularity:10]]
LogConfig: Setting CVar [[s.UnregisterComponentsTimeLimit:1.0]]
LogConfig: Setting CVar [[s.LevelStreamingComponentsUnregistrationGranularity:5]]
LogConfig: Setting CVar [[s.FlushStreamingOnExit:1]]
LogInit: Object subsystem initialized
LogConfig: Setting CVar [[con.DebugEarlyDefault:1]]
LogConfig: Setting CVar [[r.setres:1280x720]]
[2024.01.18-15.54.11:302][  0]LogConfig: Setting CVar [[r.VSync:0]]
[2024.01.18-15.54.11:302][  0]LogConfig: Setting CVar [[r.RHICmdBypass:0]]
[2024.01.18-15.54.11:302][  0]LogConfig: Applying CVar settings from Section [/Script/Engine.RendererSettings] File [C:/Users/ipabl/Documents/Unreal Projects/PVG/Lucia/PGV-level_dock/Saved/Config/Windows/Engine.ini]
[2024.01.18-15.54.11:302][  0]LogConfig: Setting CVar [[r.GPUCrashDebugging:0]]
[2024.01.18-15.54.11:302][  0]LogConfig: Applying CVar settings from Section [/Script/Engine.RendererOverrideSettings] File [C:/Users/ipabl/Documents/Unreal Projects/PVG/Lucia/PGV-level_dock/Saved/Config/Windows/Engine.ini]
[2024.01.18-15.54.11:302][  0]LogConfig: Applying CVar settings from Section [/Script/Engine.StreamingSettings] File [C:/Users/ipabl/Documents/Unreal Projects/PVG/Lucia/PGV-level_dock/Saved/Config/Windows/Engine.ini]
[2024.01.18-15.54.11:302][  0]LogConfig: Setting CVar [[s.MinBulkDataSizeForAsyncLoading:131072]]
[2024.01.18-15.54.11:302][  0]LogConfig: Setting CVar [[s.AsyncLoadingThreadEnabled:0]]
[2024.01.18-15.54.11:302][  0]LogConfig: Setting CVar [[s.EventDrivenLoaderEnabled:1]]
[2024.01.18-15.54.11:302][  0]LogConfig: Setting CVar [[s.WarnIfTimeLimitExceeded:0]]
[2024.01.18-15.54.11:302][  0]LogConfig: Setting CVar [[s.TimeLimitExceededMultiplier:1.5]]
[2024.01.18-15.54.11:302][  0]LogConfig: Setting CVar [[s.TimeLimitExceededMinTime:0.005]]
[2024.01.18-15.54.11:302][  0]LogConfig: Setting CVar [[s.UseBackgroundLevelStreaming:1]]
[2024.01.18-15.54.11:302][  0]LogConfig: Setting CVar [[s.PriorityAsyncLoadingExtraTime:15.0]]
[2024.01.18-15.54.11:302][  0]LogConfig: Setting CVar [[s.LevelStreamingActorsUpdateTimeLimit:5.0]]
[2024.01.18-15.54.11:302][  0]LogConfig: Setting CVar [[s.PriorityLevelStreamingActorsUpdateExtraTime:5.0]]
[2024.01.18-15.54.11:302][  0]LogConfig: Setting CVar [[s.LevelStreamingComponentsRegistrationGranularity:10]]
[2024.01.18-15.54.11:302][  0]LogConfig: Setting CVar [[s.UnregisterComponentsTimeLimit:1.0]]
[2024.01.18-15.54.11:302][  0]LogConfig: Setting CVar [[s.LevelStreamingComponentsUnregistrationGranularity:5]]
[2024.01.18-15.54.11:302][  0]LogConfig: Setting CVar [[s.FlushStreamingOnExit:1]]
[2024.01.18-15.54.11:302][  0]LogConfig: Applying CVar settings from Section [/Script/Engine.GarbageCollectionSettings] File [C:/Users/ipabl/Documents/Unreal Projects/PVG/Lucia/PGV-level_dock/Saved/Config/Windows/Engine.ini]
[2024.01.18-15.54.11:302][  0]LogConfig: Setting CVar [[gc.MaxObjectsNotConsideredByGC:1]]
[2024.01.18-15.54.11:302][  0]LogConfig: Setting CVar [[gc.SizeOfPermanentObjectPool:0]]
[2024.01.18-15.54.11:302][  0]LogConfig: Setting CVar [[gc.FlushStreamingOnGC:0]]
[2024.01.18-15.54.11:302][  0]LogConfig: Setting CVar [[gc.NumRetriesBeforeForcingGC:10]]
[2024.01.18-15.54.11:302][  0]LogConfig: Setting CVar [[gc.AllowParallelGC:1]]
[2024.01.18-15.54.11:302][  0]LogConfig: Setting CVar [[gc.TimeBetweenPurgingPendingKillObjects:61.1]]
[2024.01.18-15.54.11:302][  0]LogConfig: Setting CVar [[gc.MaxObjectsInEditor:25165824]]
[2024.01.18-15.54.11:302][  0]LogConfig: Setting CVar [[gc.IncrementalBeginDestroyEnabled:1]]
[2024.01.18-15.54.11:302][  0]LogConfig: Setting CVar [[gc.CreateGCClusters:1]]
[2024.01.18-15.54.11:302][  0]LogConfig: Setting CVar [[gc.MinGCClusterSize:5]]
[2024.01.18-15.54.11:302][  0]LogConfig: Setting CVar [[gc.ActorClusteringEnabled:0]]
[2024.01.18-15.54.11:302][  0]LogConfig: Setting CVar [[gc.BlueprintClusteringEnabled:0]]
[2024.01.18-15.54.11:302][  0]LogConfig: Setting CVar [[gc.UseDisregardForGCOnDedicatedServers:0]]
[2024.01.18-15.54.11:302][  0]LogConfig: Setting CVar [[gc.MultithreadedDestructionEnabled:1]]
[2024.01.18-15.54.11:302][  0]LogConfig: Applying CVar settings from Section [/Script/Engine.NetworkSettings] File [C:/Users/ipabl/Documents/Unreal Projects/PVG/Lucia/PGV-level_dock/Saved/Config/Windows/Engine.ini]
[2024.01.18-15.54.11:302][  0]LogConfig: Applying CVar settings from Section [/Script/UnrealEd.CookerSettings] File [C:/Users/ipabl/Documents/Unreal Projects/PVG/Lucia/PGV-level_dock/Saved/Config/Windows/Engine.ini]
[2024.01.18-15.54.11:306][  0]LogConfig: Applying CVar settings from Section [ViewDistanceQuality@3] File [C:/Users/ipabl/Documents/Unreal Projects/PVG/Lucia/PGV-level_dock/Saved/Config/Windows/Scalability.ini]
[2024.01.18-15.54.11:306][  0]LogConfig: Setting CVar [[r.SkeletalMeshLODBias:0]]
[2024.01.18-15.54.11:306][  0]LogConfig: Setting CVar [[r.ViewDistanceScale:1.0]]
[2024.01.18-15.54.11:306][  0]LogConfig: Applying CVar settings from Section [AntiAliasingQuality@3] File [C:/Users/ipabl/Documents/Unreal Projects/PVG/Lucia/PGV-level_dock/Saved/Config/Windows/Scalability.ini]
[2024.01.18-15.54.11:306][  0]LogConfig: Setting CVar [[r.PostProcessAAQuality:4]]
[2024.01.18-15.54.11:306][  0]LogConfig: Applying CVar settings from Section [ShadowQuality@3] File [C:/Users/ipabl/Documents/Unreal Projects/PVG/Lucia/PGV-level_dock/Saved/Config/Windows/Scalability.ini]
[2024.01.18-15.54.11:306][  0]LogConfig: Setting CVar [[r.LightFunctionQuality:1]]
[2024.01.18-15.54.11:306][  0]LogConfig: Setting CVar [[r.ShadowQuality:5]]
[2024.01.18-15.54.11:306][  0]LogConfig: Setting CVar [[r.Shadow.CSM.MaxCascades:10]]
[2024.01.18-15.54.11:306][  0]LogConfig: Setting CVar [[r.Shadow.MaxResolution:2048]]
[2024.01.18-15.54.11:306][  0]LogConfig: Setting CVar [[r.Shadow.MaxCSMResolution:2048]]
[2024.01.18-15.54.11:306][  0]LogConfig: Setting CVar [[r.Shadow.RadiusThreshold:0.01]]
[2024.01.18-15.54.11:306][  0]LogConfig: Setting CVar [[r.Shadow.DistanceScale:1.0]]
[2024.01.18-15.54.11:306][  0]LogConfig: Setting CVar [[r.Shadow.CSM.TransitionScale:1.0]]
[2024.01.18-15.54.11:306][  0]LogConfig: Setting CVar [[r.Shadow.PreShadowResolutionFactor:1.0]]
[2024.01.18-15.54.11:306][  0]LogConfig: Setting CVar [[r.DistanceFieldShadowing:1]]
[2024.01.18-15.54.11:306][  0]LogConfig: Setting CVar [[r.DistanceFieldAO:1]]
[2024.01.18-15.54.11:306][  0]LogConfig: Setting CVar [[r.AOQuality:2]]
[2024.01.18-15.54.11:307][  0]LogConfig: Setting CVar [[r.VolumetricFog:1]]
[2024.01.18-15.54.11:307][  0]LogConfig: Setting CVar [[r.VolumetricFog.GridPixelSize:8]]
[2024.01.18-15.54.11:307][  0]LogConfig: Setting CVar [[r.VolumetricFog.GridSizeZ:128]]
[2024.01.18-15.54.11:307][  0]LogConfig: Setting CVar [[r.VolumetricFog.HistoryMissSupersampleCount:4]]
[2024.01.18-15.54.11:307][  0]LogConfig: Setting CVar [[r.LightMaxDrawDistanceScale:1]]
[2024.01.18-15.54.11:307][  0]LogConfig: Setting CVar [[r.CapsuleShadows:1]]
[2024.01.18-15.54.11:307][  0]LogConfig: Applying CVar settings from Section [PostProcessQuality@3] File [C:/Users/ipabl/Documents/Unreal Projects/PVG/Lucia/PGV-level_dock/Saved/Config/Windows/Scalability.ini]
[2024.01.18-15.54.11:307][  0]LogConfig: Setting CVar [[r.MotionBlurQuality:4]]
[2024.01.18-15.54.11:307][  0]LogConfig: Setting CVar [[r.AmbientOcclusionMipLevelFactor:0.4]]
[2024.01.18-15.54.11:307][  0]LogConfig: Setting CVar [[r.AmbientOcclusionMaxQuality:100]]
[2024.01.18-15.54.11:307][  0]LogConfig: Setting CVar [[r.AmbientOcclusionLevels:-1]]
[2024.01.18-15.54.11:307][  0]LogConfig: Setting CVar [[r.AmbientOcclusionRadiusScale:1.0]]
[2024.01.18-15.54.11:307][  0]LogConfig: Setting CVar [[r.DepthOfFieldQuality:2]]
[2024.01.18-15.54.11:307][  0]LogConfig: Setting CVar [[r.RenderTargetPoolMin:400]]
[2024.01.18-15.54.11:307][  0]LogConfig: Setting CVar [[r.LensFlareQuality:2]]
[2024.01.18-15.54.11:307][  0]LogConfig: Setting CVar [[r.SceneColorFringeQuality:1]]
[2024.01.18-15.54.11:307][  0]LogConfig: Setting CVar [[r.EyeAdaptationQuality:2]]
[2024.01.18-15.54.11:307][  0]LogConfig: Setting CVar [[r.BloomQuality:5]]
[2024.01.18-15.54.11:307][  0]LogConfig: Setting CVar [[r.FastBlurThreshold:100]]
[2024.01.18-15.54.11:307][  0]LogConfig: Setting CVar [[r.Upscale.Quality:3]]
[2024.01.18-15.54.11:307][  0]LogConfig: Setting CVar [[r.Tonemapper.GrainQuantization:1]]
[2024.01.18-15.54.11:307][  0]LogConfig: Setting CVar [[r.LightShaftQuality:1]]
[2024.01.18-15.54.11:307][  0]LogConfig: Setting CVar [[r.Filter.SizeScale:1]]
[2024.01.18-15.54.11:307][  0]LogConfig: Setting CVar [[r.Tonemapper.Quality:5]]
[2024.01.18-15.54.11:307][  0]LogConfig: Setting CVar [[r.DOF.Gather.AccumulatorQuality:1        ; higher gathering accumulator quality]]
[2024.01.18-15.54.11:307][  0]LogConfig: Setting CVar [[r.DOF.Gather.PostfilterMethod:1          ; Median3x3 postfilering method]]
[2024.01.18-15.54.11:307][  0]LogConfig: Setting CVar [[r.DOF.Gather.EnableBokehSettings:0       ; no bokeh simulation when gathering]]
[2024.01.18-15.54.11:307][  0]LogConfig: Setting CVar [[r.DOF.Gather.RingCount:4                 ; medium number of samples when gathering]]
[2024.01.18-15.54.11:307][  0]LogConfig: Setting CVar [[r.DOF.Scatter.ForegroundCompositing:1    ; additive foreground scattering]]
[2024.01.18-15.54.11:307][  0]LogConfig: Setting CVar [[r.DOF.Scatter.BackgroundCompositing:2    ; additive background scattering]]
[2024.01.18-15.54.11:307][  0]LogConfig: Setting CVar [[r.DOF.Scatter.EnableBokehSettings:1      ; bokeh simulation when scattering]]
[2024.01.18-15.54.11:307][  0]LogConfig: Setting CVar [[r.DOF.Scatter.MaxSpriteRatio:0.1         ; only a maximum of 10% of scattered bokeh]]
[2024.01.18-15.54.11:307][  0]LogConfig: Setting CVar [[r.DOF.Recombine.Quality:1                ; cheap slight out of focus]]
[2024.01.18-15.54.11:307][  0]LogConfig: Setting CVar [[r.DOF.Recombine.EnableBokehSettings:0    ; no bokeh simulation on slight out of focus]]
[2024.01.18-15.54.11:307][  0]LogConfig: Setting CVar [[r.DOF.TemporalAAQuality:1                ; more stable temporal accumulation]]
[2024.01.18-15.54.11:307][  0]LogConfig: Setting CVar [[r.DOF.Kernel.MaxForegroundRadius:0.025]]
[2024.01.18-15.54.11:307][  0]LogConfig: Setting CVar [[r.DOF.Kernel.MaxBackgroundRadius:0.025]]
[2024.01.18-15.54.11:307][  0]LogConfig: Applying CVar settings from Section [TextureQuality@3] File [C:/Users/ipabl/Documents/Unreal Projects/PVG/Lucia/PGV-level_dock/Saved/Config/Windows/Scalability.ini]
[2024.01.18-15.54.11:307][  0]LogConfig: Setting CVar [[r.Streaming.MipBias:0]]
[2024.01.18-15.54.11:307][  0]LogConfig: Setting CVar [[r.Streaming.AmortizeCPUToGPUCopy:0]]
[2024.01.18-15.54.11:307][  0]LogConfig: Setting CVar [[r.Streaming.MaxNumTexturesToStreamPerFrame:0]]
[2024.01.18-15.54.11:307][  0]LogConfig: Setting CVar [[r.Streaming.Boost:1]]
[2024.01.18-15.54.11:307][  0]LogConfig: Setting CVar [[r.MaxAnisotropy:8]]
[2024.01.18-15.54.11:307][  0]LogConfig: Setting CVar [[r.VT.MaxAnisotropy:8]]
[2024.01.18-15.54.11:307][  0]LogConfig: Setting CVar [[r.Streaming.LimitPoolSizeToVRAM:0]]
[2024.01.18-15.54.11:307][  0]LogConfig: Setting CVar [[r.Streaming.PoolSize:1000]]
[2024.01.18-15.54.11:307][  0]LogConfig: Setting CVar [[r.Streaming.MaxEffectiveScreenSize:0]]
[2024.01.18-15.54.11:307][  0]LogConfig: Applying CVar settings from Section [EffectsQuality@3] File [C:/Users/ipabl/Documents/Unreal Projects/PVG/Lucia/PGV-level_dock/Saved/Config/Windows/Scalability.ini]
[2024.01.18-15.54.11:307][  0]LogConfig: Setting CVar [[r.TranslucencyLightingVolumeDim:64]]
[2024.01.18-15.54.11:307][  0]LogConfig: Setting CVar [[r.RefractionQuality:2]]
[2024.01.18-15.54.11:307][  0]LogConfig: Setting CVar [[r.SSR.Quality:3]]
[2024.01.18-15.54.11:307][  0]LogConfig: Setting CVar [[r.SSR.HalfResSceneColor:0]]
[2024.01.18-15.54.11:307][  0]LogConfig: Setting CVar [[r.SceneColorFormat:4]]
[2024.01.18-15.54.11:307][  0]LogConfig: Setting CVar [[r.DetailMode:2]]
[2024.01.18-15.54.11:307][  0]LogConfig: Setting CVar [[r.TranslucencyVolumeBlur:1]]
[2024.01.18-15.54.11:307][  0]LogConfig: Setting CVar [[r.MaterialQualityLevel:1 ; High quality]]
[2024.01.18-15.54.11:307][  0]LogConfig: Setting CVar [[r.AnisotropicMaterials:1]]
[2024.01.18-15.54.11:307][  0]LogConfig: Setting CVar [[r.SSS.Scale:1]]
[2024.01.18-15.54.11:307][  0]LogConfig: Setting CVar [[r.SSS.SampleSet:2]]
[2024.01.18-15.54.11:307][  0]LogConfig: Setting CVar [[r.SSS.Quality:1]]
[2024.01.18-15.54.11:307][  0]LogConfig: Setting CVar [[r.SSS.HalfRes:0]]
[2024.01.18-15.54.11:307][  0]LogConfig: Setting CVar [[r.SSGI.Quality:3]]
[2024.01.18-15.54.11:307][  0]LogConfig: Setting CVar [[r.EmitterSpawnRateScale:1.0]]
[2024.01.18-15.54.11:307][  0]LogConfig: Setting CVar [[r.ParticleLightQuality:2]]
[2024.01.18-15.54.11:307][  0]LogConfig: Setting CVar [[r.SkyAtmosphere.AerialPerspectiveLUT.FastApplyOnOpaque:1 ; Always have FastSkyLUT 1 in this case to avoid wrong sky]]
[2024.01.18-15.54.11:307][  0]LogConfig: Setting CVar [[r.SkyAtmosphere.AerialPerspectiveLUT.SampleCountMaxPerSlice:4]]
[2024.01.18-15.54.11:307][  0]LogConfig: Setting CVar [[r.SkyAtmosphere.AerialPerspectiveLUT.DepthResolution:16.0]]
[2024.01.18-15.54.11:307][  0]LogConfig: Setting CVar [[r.SkyAtmosphere.FastSkyLUT:1]]
[2024.01.18-15.54.11:307][  0]LogConfig: Setting CVar [[r.SkyAtmosphere.FastSkyLUT.SampleCountMin:4.0]]
[2024.01.18-15.54.11:307][  0]LogConfig: Setting CVar [[r.SkyAtmosphere.FastSkyLUT.SampleCountMax:128.0]]
[2024.01.18-15.54.11:307][  0]LogConfig: Setting CVar [[r.SkyAtmosphere.SampleCountMin:4.0]]
[2024.01.18-15.54.11:307][  0]LogConfig: Setting CVar [[r.SkyAtmosphere.SampleCountMax:128.0]]
[2024.01.18-15.54.11:307][  0]LogConfig: Setting CVar [[r.SkyAtmosphere.TransmittanceLUT.UseSmallFormat:0]]
[2024.01.18-15.54.11:307][  0]LogConfig: Setting CVar [[r.SkyAtmosphere.TransmittanceLUT.SampleCount:10.0]]
[2024.01.18-15.54.11:307][  0]LogConfig: Setting CVar [[r.SkyAtmosphere.MultiScatteringLUT.SampleCount:15.0]]
[2024.01.18-15.54.11:307][  0]LogConfig: Setting CVar [[r.SkyLight.RealTimeReflectionCapture:1]]
[2024.01.18-15.54.11:307][  0]LogConfig: Applying CVar settings from Section [FoliageQuality@3] File [C:/Users/ipabl/Documents/Unreal Projects/PVG/Lucia/PGV-level_dock/Saved/Config/Windows/Scalability.ini]
[2024.01.18-15.54.11:307][  0]LogConfig: Setting CVar [[foliage.DensityScale:1.0]]
[2024.01.18-15.54.11:307][  0]LogConfig: Setting CVar [[grass.DensityScale:1.0]]
[2024.01.18-15.54.11:307][  0]LogConfig: Applying CVar settings from Section [ShadingQuality@3] File [C:/Users/ipabl/Documents/Unreal Projects/PVG/Lucia/PGV-level_dock/Saved/Config/Windows/Scalability.ini]
[2024.01.18-15.54.11:307][  0]LogConfig: Setting CVar [[r.HairStrands.SkyLighting.IntegrationType:2]]
[2024.01.18-15.54.11:307][  0]LogConfig: Setting CVar [[r.HairStrands.SkyAO.SampleCount:4]]
[2024.01.18-15.54.11:307][  0]LogConfig: Setting CVar [[r.HairStrands.Visibility.MSAA.SamplePerPixel:4]]
[2024.01.18-15.54.11:307][  0]LogInit: Selected Device Profile: [Windows]
[2024.01.18-15.54.11:307][  0]LogInit: Applying CVar settings loaded from the selected device profile: [Windows]
[2024.01.18-15.54.11:307][  0]LogHAL: Display: Platform has ~ 16 GB [16853561344 / 17179869184 / 16], which maps to Larger [LargestMinGB=32, LargerMinGB=12, DefaultMinGB=8, SmallerMinGB=6, SmallestMinGB=0)
[2024.01.18-15.54.11:307][  0]LogInit: Going up to parent DeviceProfile []
[2024.01.18-15.54.11:307][  0]LogConfig: Applying CVar settings from Section [ViewDistanceQuality@3] File [C:/Users/ipabl/Documents/Unreal Projects/PVG/Lucia/PGV-level_dock/Saved/Config/Windows/Scalability.ini]
[2024.01.18-15.54.11:307][  0]LogConfig: Setting CVar [[r.SkeletalMeshLODBias:0]]
[2024.01.18-15.54.11:307][  0]LogConfig: Setting CVar [[r.ViewDistanceScale:1.0]]
[2024.01.18-15.54.11:307][  0]LogConfig: Applying CVar settings from Section [AntiAliasingQuality@3] File [C:/Users/ipabl/Documents/Unreal Projects/PVG/Lucia/PGV-level_dock/Saved/Config/Windows/Scalability.ini]
[2024.01.18-15.54.11:307][  0]LogConfig: Setting CVar [[r.PostProcessAAQuality:4]]
[2024.01.18-15.54.11:307][  0]LogConfig: Applying CVar settings from Section [ShadowQuality@3] File [C:/Users/ipabl/Documents/Unreal Projects/PVG/Lucia/PGV-level_dock/Saved/Config/Windows/Scalability.ini]
[2024.01.18-15.54.11:307][  0]LogConfig: Setting CVar [[r.LightFunctionQuality:1]]
[2024.01.18-15.54.11:307][  0]LogConfig: Setting CVar [[r.ShadowQuality:5]]
[2024.01.18-15.54.11:307][  0]LogConfig: Setting CVar [[r.Shadow.CSM.MaxCascades:10]]
[2024.01.18-15.54.11:307][  0]LogConfig: Setting CVar [[r.Shadow.MaxResolution:2048]]
[2024.01.18-15.54.11:307][  0]LogConfig: Setting CVar [[r.Shadow.MaxCSMResolution:2048]]
[2024.01.18-15.54.11:307][  0]LogConfig: Setting CVar [[r.Shadow.RadiusThreshold:0.01]]
[2024.01.18-15.54.11:307][  0]LogConfig: Setting CVar [[r.Shadow.DistanceScale:1.0]]
[2024.01.18-15.54.11:307][  0]LogConfig: Setting CVar [[r.Shadow.CSM.TransitionScale:1.0]]
[2024.01.18-15.54.11:307][  0]LogConfig: Setting CVar [[r.Shadow.PreShadowResolutionFactor:1.0]]
[2024.01.18-15.54.11:307][  0]LogConfig: Setting CVar [[r.DistanceFieldShadowing:1]]
[2024.01.18-15.54.11:307][  0]LogConfig: Setting CVar [[r.DistanceFieldAO:1]]
[2024.01.18-15.54.11:307][  0]LogConfig: Setting CVar [[r.AOQuality:2]]
[2024.01.18-15.54.11:308][  0]LogConfig: Setting CVar [[r.VolumetricFog:1]]
[2024.01.18-15.54.11:308][  0]LogConfig: Setting CVar [[r.VolumetricFog.GridPixelSize:8]]
[2024.01.18-15.54.11:308][  0]LogConfig: Setting CVar [[r.VolumetricFog.GridSizeZ:128]]
[2024.01.18-15.54.11:308][  0]LogConfig: Setting CVar [[r.VolumetricFog.HistoryMissSupersampleCount:4]]
[2024.01.18-15.54.11:308][  0]LogConfig: Setting CVar [[r.LightMaxDrawDistanceScale:1]]
[2024.01.18-15.54.11:308][  0]LogConfig: Setting CVar [[r.CapsuleShadows:1]]
[2024.01.18-15.54.11:308][  0]LogConfig: Applying CVar settings from Section [PostProcessQuality@3] File [C:/Users/ipabl/Documents/Unreal Projects/PVG/Lucia/PGV-level_dock/Saved/Config/Windows/Scalability.ini]
[2024.01.18-15.54.11:308][  0]LogConfig: Setting CVar [[r.MotionBlurQuality:4]]
[2024.01.18-15.54.11:308][  0]LogConfig: Setting CVar [[r.AmbientOcclusionMipLevelFactor:0.4]]
[2024.01.18-15.54.11:308][  0]LogConfig: Setting CVar [[r.AmbientOcclusionMaxQuality:100]]
[2024.01.18-15.54.11:308][  0]LogConfig: Setting CVar [[r.AmbientOcclusionLevels:-1]]
[2024.01.18-15.54.11:308][  0]LogConfig: Setting CVar [[r.AmbientOcclusionRadiusScale:1.0]]
[2024.01.18-15.54.11:308][  0]LogConfig: Setting CVar [[r.DepthOfFieldQuality:2]]
[2024.01.18-15.54.11:308][  0]LogConfig: Setting CVar [[r.RenderTargetPoolMin:400]]
[2024.01.18-15.54.11:308][  0]LogConfig: Setting CVar [[r.LensFlareQuality:2]]
[2024.01.18-15.54.11:308][  0]LogConfig: Setting CVar [[r.SceneColorFringeQuality:1]]
[2024.01.18-15.54.11:308][  0]LogConfig: Setting CVar [[r.EyeAdaptationQuality:2]]
[2024.01.18-15.54.11:308][  0]LogConfig: Setting CVar [[r.BloomQuality:5]]
[2024.01.18-15.54.11:308][  0]LogConfig: Setting CVar [[r.FastBlurThreshold:100]]
[2024.01.18-15.54.11:308][  0]LogConfig: Setting CVar [[r.Upscale.Quality:3]]
[2024.01.18-15.54.11:308][  0]LogConfig: Setting CVar [[r.Tonemapper.GrainQuantization:1]]
[2024.01.18-15.54.11:308][  0]LogConfig: Setting CVar [[r.LightShaftQuality:1]]
[2024.01.18-15.54.11:308][  0]LogConfig: Setting CVar [[r.Filter.SizeScale:1]]
[2024.01.18-15.54.11:308][  0]LogConfig: Setting CVar [[r.Tonemapper.Quality:5]]
[2024.01.18-15.54.11:308][  0]LogConfig: Setting CVar [[r.DOF.Gather.AccumulatorQuality:1        ; higher gathering accumulator quality]]
[2024.01.18-15.54.11:308][  0]LogConfig: Setting CVar [[r.DOF.Gather.PostfilterMethod:1          ; Median3x3 postfilering method]]
[2024.01.18-15.54.11:308][  0]LogConfig: Setting CVar [[r.DOF.Gather.EnableBokehSettings:0       ; no bokeh simulation when gathering]]
[2024.01.18-15.54.11:308][  0]LogConfig: Setting CVar [[r.DOF.Gather.RingCount:4                 ; medium number of samples when gathering]]
[2024.01.18-15.54.11:308][  0]LogConfig: Setting CVar [[r.DOF.Scatter.ForegroundCompositing:1    ; additive foreground scattering]]
[2024.01.18-15.54.11:308][  0]LogConfig: Setting CVar [[r.DOF.Scatter.BackgroundCompositing:2    ; additive background scattering]]
[2024.01.18-15.54.11:308][  0]LogConfig: Setting CVar [[r.DOF.Scatter.EnableBokehSettings:1      ; bokeh simulation when scattering]]
[2024.01.18-15.54.11:308][  0]LogConfig: Setting CVar [[r.DOF.Scatter.MaxSpriteRatio:0.1         ; only a maximum of 10% of scattered bokeh]]
[2024.01.18-15.54.11:308][  0]LogConfig: Setting CVar [[r.DOF.Recombine.Quality:1                ; cheap slight out of focus]]
[2024.01.18-15.54.11:308][  0]LogConfig: Setting CVar [[r.DOF.Recombine.EnableBokehSettings:0    ; no bokeh simulation on slight out of focus]]
[2024.01.18-15.54.11:308][  0]LogConfig: Setting CVar [[r.DOF.TemporalAAQuality:1                ; more stable temporal accumulation]]
[2024.01.18-15.54.11:308][  0]LogConfig: Setting CVar [[r.DOF.Kernel.MaxForegroundRadius:0.025]]
[2024.01.18-15.54.11:308][  0]LogConfig: Setting CVar [[r.DOF.Kernel.MaxBackgroundRadius:0.025]]
[2024.01.18-15.54.11:308][  0]LogConfig: Applying CVar settings from Section [TextureQuality@3] File [C:/Users/ipabl/Documents/Unreal Projects/PVG/Lucia/PGV-level_dock/Saved/Config/Windows/Scalability.ini]
[2024.01.18-15.54.11:308][  0]LogConfig: Setting CVar [[r.Streaming.MipBias:0]]
[2024.01.18-15.54.11:308][  0]LogConfig: Setting CVar [[r.Streaming.AmortizeCPUToGPUCopy:0]]
[2024.01.18-15.54.11:308][  0]LogConfig: Setting CVar [[r.Streaming.MaxNumTexturesToStreamPerFrame:0]]
[2024.01.18-15.54.11:308][  0]LogConfig: Setting CVar [[r.Streaming.Boost:1]]
[2024.01.18-15.54.11:308][  0]LogConfig: Setting CVar [[r.MaxAnisotropy:8]]
[2024.01.18-15.54.11:308][  0]LogConfig: Setting CVar [[r.VT.MaxAnisotropy:8]]
[2024.01.18-15.54.11:308][  0]LogConfig: Setting CVar [[r.Streaming.LimitPoolSizeToVRAM:0]]
[2024.01.18-15.54.11:308][  0]LogConfig: Setting CVar [[r.Streaming.PoolSize:1000]]
[2024.01.18-15.54.11:308][  0]LogConfig: Setting CVar [[r.Streaming.MaxEffectiveScreenSize:0]]
[2024.01.18-15.54.11:308][  0]LogConfig: Applying CVar settings from Section [EffectsQuality@3] File [C:/Users/ipabl/Documents/Unreal Projects/PVG/Lucia/PGV-level_dock/Saved/Config/Windows/Scalability.ini]
[2024.01.18-15.54.11:308][  0]LogConfig: Setting CVar [[r.TranslucencyLightingVolumeDim:64]]
[2024.01.18-15.54.11:308][  0]LogConfig: Setting CVar [[r.RefractionQuality:2]]
[2024.01.18-15.54.11:308][  0]LogConfig: Setting CVar [[r.SSR.Quality:3]]
[2024.01.18-15.54.11:308][  0]LogConfig: Setting CVar [[r.SSR.HalfResSceneColor:0]]
[2024.01.18-15.54.11:308][  0]LogConfig: Setting CVar [[r.SceneColorFormat:4]]
[2024.01.18-15.54.11:308][  0]LogConfig: Setting CVar [[r.DetailMode:2]]
[2024.01.18-15.54.11:308][  0]LogConfig: Setting CVar [[r.TranslucencyVolumeBlur:1]]
[2024.01.18-15.54.11:308][  0]LogConfig: Setting CVar [[r.MaterialQualityLevel:1 ; High quality]]
[2024.01.18-15.54.11:308][  0]LogConfig: Setting CVar [[r.AnisotropicMaterials:1]]
[2024.01.18-15.54.11:308][  0]LogConfig: Setting CVar [[r.SSS.Scale:1]]
[2024.01.18-15.54.11:308][  0]LogConfig: Setting CVar [[r.SSS.SampleSet:2]]
[2024.01.18-15.54.11:308][  0]LogConfig: Setting CVar [[r.SSS.Quality:1]]
[2024.01.18-15.54.11:308][  0]LogConfig: Setting CVar [[r.SSS.HalfRes:0]]
[2024.01.18-15.54.11:308][  0]LogConfig: Setting CVar [[r.SSGI.Quality:3]]
[2024.01.18-15.54.11:308][  0]LogConfig: Setting CVar [[r.EmitterSpawnRateScale:1.0]]
[2024.01.18-15.54.11:308][  0]LogConfig: Setting CVar [[r.ParticleLightQuality:2]]
[2024.01.18-15.54.11:308][  0]LogConfig: Setting CVar [[r.SkyAtmosphere.AerialPerspectiveLUT.FastApplyOnOpaque:1 ; Always have FastSkyLUT 1 in this case to avoid wrong sky]]
[2024.01.18-15.54.11:308][  0]LogConfig: Setting CVar [[r.SkyAtmosphere.AerialPerspectiveLUT.SampleCountMaxPerSlice:4]]
[2024.01.18-15.54.11:308][  0]LogConfig: Setting CVar [[r.SkyAtmosphere.AerialPerspectiveLUT.DepthResolution:16.0]]
[2024.01.18-15.54.11:308][  0]LogConfig: Setting CVar [[r.SkyAtmosphere.FastSkyLUT:1]]
[2024.01.18-15.54.11:308][  0]LogConfig: Setting CVar [[r.SkyAtmosphere.FastSkyLUT.SampleCountMin:4.0]]
[2024.01.18-15.54.11:308][  0]LogConfig: Setting CVar [[r.SkyAtmosphere.FastSkyLUT.SampleCountMax:128.0]]
[2024.01.18-15.54.11:308][  0]LogConfig: Setting CVar [[r.SkyAtmosphere.SampleCountMin:4.0]]
[2024.01.18-15.54.11:308][  0]LogConfig: Setting CVar [[r.SkyAtmosphere.SampleCountMax:128.0]]
[2024.01.18-15.54.11:308][  0]LogConfig: Setting CVar [[r.SkyAtmosphere.TransmittanceLUT.UseSmallFormat:0]]
[2024.01.18-15.54.11:308][  0]LogConfig: Setting CVar [[r.SkyAtmosphere.TransmittanceLUT.SampleCount:10.0]]
[2024.01.18-15.54.11:308][  0]LogConfig: Setting CVar [[r.SkyAtmosphere.MultiScatteringLUT.SampleCount:15.0]]
[2024.01.18-15.54.11:308][  0]LogConfig: Setting CVar [[r.SkyLight.RealTimeReflectionCapture:1]]
[2024.01.18-15.54.11:308][  0]LogConfig: Applying CVar settings from Section [FoliageQuality@3] File [C:/Users/ipabl/Documents/Unreal Projects/PVG/Lucia/PGV-level_dock/Saved/Config/Windows/Scalability.ini]
[2024.01.18-15.54.11:308][  0]LogConfig: Setting CVar [[foliage.DensityScale:1.0]]
[2024.01.18-15.54.11:308][  0]LogConfig: Setting CVar [[grass.DensityScale:1.0]]
[2024.01.18-15.54.11:308][  0]LogConfig: Applying CVar settings from Section [ShadingQuality@3] File [C:/Users/ipabl/Documents/Unreal Projects/PVG/Lucia/PGV-level_dock/Saved/Config/Windows/Scalability.ini]
[2024.01.18-15.54.11:308][  0]LogConfig: Setting CVar [[r.HairStrands.SkyLighting.IntegrationType:2]]
[2024.01.18-15.54.11:308][  0]LogConfig: Setting CVar [[r.HairStrands.SkyAO.SampleCount:4]]
[2024.01.18-15.54.11:308][  0]LogConfig: Setting CVar [[r.HairStrands.Visibility.MSAA.SamplePerPixel:4]]
[2024.01.18-15.54.11:308][  0]LogConfig: Applying CVar settings from Section [Startup] File [../../../Engine/Config/ConsoleVariables.ini]
[2024.01.18-15.54.11:308][  0]LogConfig: Setting CVar [[net.UseAdaptiveNetUpdateFrequency:0]]
[2024.01.18-15.54.11:308][  0]LogConfig: Setting CVar [[p.chaos.AllowCreatePhysxBodies:1]]
[2024.01.18-15.54.11:308][  0]LogConfig: Setting CVar [[fx.SkipVectorVMBackendOptimizations:1]]
[2024.01.18-15.54.11:308][  0]LogConfig: Applying CVar settings from Section [ConsoleVariables] File [C:/Users/ipabl/Documents/Unreal Projects/PVG/Lucia/PGV-level_dock/Saved/Config/Windows/Engine.ini]
[2024.01.18-15.54.11:308][  0]LogConfig: Applying CVar settings from Section [ConsoleVariables] File [C:/Users/ipabl/Documents/Unreal Projects/PVG/Lucia/PGV-level_dock/Saved/Config/Windows/Editor.ini]
[2024.01.18-15.54.11:308][  0]LogInit: Computer: DESKTOP-FHK2F01
[2024.01.18-15.54.11:308][  0]LogInit: User: ipabl
[2024.01.18-15.54.11:308][  0]LogInit: CPU Page size=4096, Cores=4
[2024.01.18-15.54.11:308][  0]LogInit: High frequency timer resolution =10.000000 MHz
[2024.01.18-15.54.11:308][  0]LogMemory: Memory total: Physical=15.7GB (16GB approx)
[2024.01.18-15.54.11:308][  0]LogMemory: Platform Memory Stats for Windows
[2024.01.18-15.54.11:308][  0]LogMemory: Process Physical Memory: 140.95 MB used, 140.95 MB peak
[2024.01.18-15.54.11:308][  0]LogMemory: Process Virtual Memory: 116.44 MB used, 116.44 MB peak
[2024.01.18-15.54.11:308][  0]LogMemory: Physical Memory: 11747.13 MB used,  4325.68 MB free, 16072.81 MB total
[2024.01.18-15.54.11:308][  0]LogMemory: Virtual Memory: 134211232.00 MB used,  6499.83 MB free, 134217728.00 MB total
[2024.01.18-15.54.11:313][  0]LogWindows: WindowsPlatformFeatures enabled
[2024.01.18-15.54.11:329][  0]LogInit: Physics initialised using underlying interface: PhysX
[2024.01.18-15.54.11:330][  0]LogInit: Using OS detected language (es-ES).
[2024.01.18-15.54.11:330][  0]LogInit: Using OS detected locale (es-ES).
[2024.01.18-15.54.11:331][  0]LogTextLocalizationManager: No specific localization for 'es-ES' exists, so the 'es' localization will be used.
[2024.01.18-15.54.11:357][  0]LogInit: Setting process to per monitor DPI aware
[2024.01.18-15.54.11:372][  0]LogWindowsTextInputMethodSystem: Display: IME system deactivated.
[2024.01.18-15.54.11:382][  0]LogSlate: New Slate User Created.  User Index 0, Is Virtual User: 0
[2024.01.18-15.54.11:382][  0]LogSlate: Slate User Registered.  User Index 0, Is Virtual User: 0
[2024.01.18-15.54.11:469][  0]LogD3D11RHI: Loaded GFSDK_Aftermath_Lib.x64.dll
[2024.01.18-15.54.11:472][  0]LogHMD: Failed to initialize OpenVR with code 110
[2024.01.18-15.54.11:472][  0]LogD3D11RHI: D3D11 min allowed feature level: 11_0
[2024.01.18-15.54.11:472][  0]LogD3D11RHI: D3D11 max allowed feature level: 11_0
[2024.01.18-15.54.11:472][  0]LogD3D11RHI: D3D11 adapters:
[2024.01.18-15.54.11:573][  0]LogD3D11RHI:    0. 'Intel(R) Iris(R) Xe Graphics' (Feature Level 11_0)
[2024.01.18-15.54.11:573][  0]LogD3D11RHI:       128/0/8036 MB DedicatedVideo/DedicatedSystem/SharedSystem, Outputs:1, VendorId:0x8086
[2024.01.18-15.54.11:575][  0]LogD3D11RHI:    1. 'Microsoft Basic Render Driver' (Feature Level 11_0)
[2024.01.18-15.54.11:575][  0]LogD3D11RHI:       0/0/8036 MB DedicatedVideo/DedicatedSystem/SharedSystem, Outputs:0, VendorId:0x1414
[2024.01.18-15.54.11:575][  0]LogD3D11RHI: Chosen D3D11 Adapter:
[2024.01.18-15.54.11:575][  0]LogD3D11RHI:     Description : Intel(R) Iris(R) Xe Graphics
[2024.01.18-15.54.11:575][  0]LogD3D11RHI:     VendorId    : 8086
[2024.01.18-15.54.11:575][  0]LogD3D11RHI:     DeviceId    : 9a49
[2024.01.18-15.54.11:575][  0]LogD3D11RHI:     SubSysId    : 14521043
[2024.01.18-15.54.11:575][  0]LogD3D11RHI:     Revision    : 0001
[2024.01.18-15.54.11:575][  0]LogD3D11RHI:     DedicatedVideoMemory : 134217728 bytes
[2024.01.18-15.54.11:575][  0]LogD3D11RHI:     DedicatedSystemMemory : 0 bytes
[2024.01.18-15.54.11:575][  0]LogD3D11RHI:     SharedSystemMemory : 8426780672 bytes
[2024.01.18-15.54.11:575][  0]LogD3D11RHI:     AdapterLuid : 0 60813
[2024.01.18-15.54.11:583][  0]LogD3D11RHI: Creating new Direct3DDevice
[2024.01.18-15.54.11:583][  0]LogD3D11RHI:     GPU DeviceId: 0x9a49 (for the marketing name, search the web for "GPU Device Id")
[2024.01.18-15.54.11:583][  0]LogWindows: EnumDisplayDevices:
[2024.01.18-15.54.11:583][  0]LogWindows:    0. 'Intel(R) Iris(R) Xe Graphics' (P:1 D:1)
[2024.01.18-15.54.11:583][  0]LogWindows:    1. 'Intel(R) Iris(R) Xe Graphics' (P:0 D:0)
[2024.01.18-15.54.11:583][  0]LogWindows:    2. 'Intel(R) Iris(R) Xe Graphics' (P:0 D:0)
[2024.01.18-15.54.11:583][  0]LogWindows:    3. 'Intel(R) Iris(R) Xe Graphics' (P:0 D:0)
[2024.01.18-15.54.11:583][  0]LogWindows: DebugString: FoundDriverCount:4 
[2024.01.18-15.54.11:583][  0]LogD3D11RHI:     Adapter Name: Intel(R) Iris(R) Xe Graphics
[2024.01.18-15.54.11:583][  0]LogD3D11RHI:   Driver Version: 31.0.101.4032 (internal:31.0.101.4032, unified:31.0.101.4032)
[2024.01.18-15.54.11:583][  0]LogD3D11RHI:      Driver Date: 12-21-2022
[2024.01.18-15.54.11:583][  0]LogRHI: Texture pool is 1523 MB (70% of 2176 MB)
[2024.01.18-15.54.11:591][  0]LogD3D11RHI: Creating D3DDevice using adapter:
[2024.01.18-15.54.11:591][  0]LogD3D11RHI:     Description : Intel(R) Iris(R) Xe Graphics
[2024.01.18-15.54.11:591][  0]LogD3D11RHI:     VendorId    : 8086
[2024.01.18-15.54.11:591][  0]LogD3D11RHI:     DeviceId    : 9a49
[2024.01.18-15.54.11:591][  0]LogD3D11RHI:     SubSysId    : 14521043
[2024.01.18-15.54.11:591][  0]LogD3D11RHI:     Revision    : 0001
[2024.01.18-15.54.11:591][  0]LogD3D11RHI:     DedicatedVideoMemory : 134217728 bytes
[2024.01.18-15.54.11:591][  0]LogD3D11RHI:     DedicatedSystemMemory : 0 bytes
[2024.01.18-15.54.11:591][  0]LogD3D11RHI:     SharedSystemMemory : 8426780672 bytes
[2024.01.18-15.54.11:591][  0]LogD3D11RHI:     AdapterLuid : 0 60813
[2024.01.18-15.54.11:662][  0]LogD3D11RHI: RHI does not have support for 64 bit atomics
[2024.01.18-15.54.11:676][  0]LogD3D11RHI: Intel Extensions support version Full=16777216, Major=1, Minor=0, Revision=0
[2024.01.18-15.54.11:677][  0]LogD3D11RHI: Intel Extensions support version Full=16777217, Major=1, Minor=0, Revision=1
[2024.01.18-15.54.11:677][  0]LogD3D11RHI: Intel Extensions Framework enabled
[2024.01.18-15.54.11:677][  0]LogD3D11RHI: [IntelMetricsDiscovery] Started
[2024.01.18-15.54.11:677][  0]LogD3D11RHI: Async texture creation enabled
[2024.01.18-15.54.11:677][  0]LogD3D11RHI: Array index from any shader is supported
[2024.01.18-15.54.11:686][  0]LogD3D11RHI: GPU Timing Frequency: 19.200000 (Debug: 2 0)
[2024.01.18-15.54.11:901][  0]LogTargetPlatformManager: Display: Loaded TargetPlatform 'AllDesktop'
[2024.01.18-15.54.11:917][  0]LogTargetPlatformManager: Display: Loaded TargetPlatform 'Android'
[2024.01.18-15.54.11:917][  0]LogTargetPlatformManager: Display: Loaded TargetPlatform 'Android_ASTC'
[2024.01.18-15.54.11:917][  0]LogTargetPlatformManager: Display: Loaded TargetPlatform 'Android_DXT'
[2024.01.18-15.54.11:917][  0]LogTargetPlatformManager: Display: Loaded TargetPlatform 'Android_ETC2'
[2024.01.18-15.54.11:917][  0]LogTargetPlatformManager: Display: Loaded TargetPlatform 'AndroidClient'
[2024.01.18-15.54.11:917][  0]LogTargetPlatformManager: Display: Loaded TargetPlatform 'Android_ASTCClient'
[2024.01.18-15.54.11:917][  0]LogTargetPlatformManager: Display: Loaded TargetPlatform 'Android_DXTClient'
[2024.01.18-15.54.11:917][  0]LogTargetPlatformManager: Display: Loaded TargetPlatform 'Android_ETC2Client'
[2024.01.18-15.54.11:917][  0]LogTargetPlatformManager: Display: Loaded TargetPlatform 'Android_Multi'
[2024.01.18-15.54.11:917][  0]LogTargetPlatformManager: Display: Loaded TargetPlatform 'Android_MultiClient'
[2024.01.18-15.54.11:932][  0]LogTargetPlatformManager: Display: Loaded TargetPlatform 'IOSClient'
[2024.01.18-15.54.11:932][  0]LogTargetPlatformManager: Display: Loaded TargetPlatform 'IOS'
[2024.01.18-15.54.11:939][  0]LogTargetPlatformManager: Display: Loaded TargetPlatform 'Linux'
[2024.01.18-15.54.11:942][  0]LogTargetPlatformManager: Display: Loaded TargetPlatform 'LinuxNoEditor'
[2024.01.18-15.54.11:945][  0]LogTargetPlatformManager: Display: Loaded TargetPlatform 'LinuxClient'
[2024.01.18-15.54.11:949][  0]LogTargetPlatformManager: Display: Loaded TargetPlatform 'LinuxServer'
[2024.01.18-15.54.11:958][  0]LogTargetPlatformManager: Display: Loaded TargetPlatform 'LinuxAArch64NoEditor'
[2024.01.18-15.54.11:962][  0]LogTargetPlatformManager: Display: Loaded TargetPlatform 'LinuxAArch64Client'
[2024.01.18-15.54.11:967][  0]LogTargetPlatformManager: Display: Loaded TargetPlatform 'LinuxAArch64Server'
[2024.01.18-15.54.11:983][  0]LogTargetPlatformManager: Display: Loaded TargetPlatform 'Lumin'
[2024.01.18-15.54.11:983][  0]LogTargetPlatformManager: Display: Loaded TargetPlatform 'LuminClient'
[2024.01.18-15.54.11:990][  0]LogTargetPlatformManager: Display: Loaded TargetPlatform 'MacNoEditor'
[2024.01.18-15.54.11:994][  0]LogTargetPlatformManager: Display: Loaded TargetPlatform 'Mac'
[2024.01.18-15.54.11:997][  0]LogTargetPlatformManager: Display: Loaded TargetPlatform 'MacClient'
[2024.01.18-15.54.12:001][  0]LogTargetPlatformManager: Display: Loaded TargetPlatform 'MacServer'
[2024.01.18-15.54.12:010][  0]LogTargetPlatformManager: Display: Loaded TargetPlatform 'TVOSClient'
[2024.01.18-15.54.12:010][  0]LogTargetPlatformManager: Display: Loaded TargetPlatform 'TVOS'
[2024.01.18-15.54.12:020][  0]LogTargetPlatformManager: Display: Loaded TargetPlatform 'WindowsNoEditor'
[2024.01.18-15.54.12:026][  0]LogTargetPlatformManager: Display: Loaded TargetPlatform 'Windows'
[2024.01.18-15.54.12:031][  0]LogTargetPlatformManager: Display: Loaded TargetPlatform 'WindowsClient'
[2024.01.18-15.54.12:035][  0]LogTargetPlatformManager: Display: Loaded TargetPlatform 'WindowsServer'
[2024.01.18-15.54.12:035][  0]LogTargetPlatformManager: Display: Building Assets For Windows
[2024.01.18-15.54.12:041][  0]LogAudioDebug: Display: Lib vorbis DLL was dynamically loaded.
[2024.01.18-15.54.12:068][  0]LogTextureFormatOodle: Display: Oodle Texture 2.9.0 init RDO Off
[2024.01.18-15.54.12:093][  0]LogRendererCore: Ray tracing is disabled. Reason: r.RayTracing=0.
[2024.01.18-15.54.12:094][  0]LogShaderCompilers: Guid format shader working directory is -35 characters bigger than the processId version (../../../../../../Users/ipabl/Documents/Unreal Projects/PVG/Lucia/PGV-level_dock/Intermediate/Shaders/WorkingDirectory/21652/).
[2024.01.18-15.54.12:094][  0]LogShaderCompilers: Cleaned the shader compiler working directory 'C:/Users/ipabl/AppData/Local/Temp/UnrealShaderWorkingDir/0FD6E12C453C92B3F839C08E4F42A621/'.
[2024.01.18-15.54.12:094][  0]LogXGEController: Cannot use XGE Controller as Incredibuild is not installed on this machine.
[2024.01.18-15.54.12:094][  0]LogShaderCompilers: Cannot use XGE Shader Compiler as Incredibuild is not installed on this machine.
[2024.01.18-15.54.12:094][  0]LogShaderCompilers: Display: Using Local Shader Compiler.
[2024.01.18-15.54.12:761][  0]LogDerivedDataCache: Display: Max Cache Size: 512 MB
[2024.01.18-15.54.12:831][  0]LogDerivedDataCache: Loaded boot cache 0.07s 94MB C:/Users/ipabl/AppData/Local/UnrealEngine/4.27/DerivedDataCache/Boot.ddc.
[2024.01.18-15.54.12:831][  0]LogDerivedDataCache: Display: Loaded Boot cache: C:/Users/ipabl/AppData/Local/UnrealEngine/4.27/DerivedDataCache/Boot.ddc
[2024.01.18-15.54.12:831][  0]LogDerivedDataCache: FDerivedDataBackendGraph:  Pak pak cache file ../../../../../../Users/ipabl/Documents/Unreal Projects/PVG/Lucia/PGV-level_dock/DerivedDataCache/DDC.ddp not found, will not use a pak cache.
[2024.01.18-15.54.12:831][  0]LogDerivedDataCache: Unable to find inner node Pak for hierarchical cache Hierarchy.
[2024.01.18-15.54.12:831][  0]LogDerivedDataCache: FDerivedDataBackendGraph:  CompressedPak pak cache file ../../../../../../Users/ipabl/Documents/Unreal Projects/PVG/Lucia/PGV-level_dock/DerivedDataCache/Compressed.ddp not found, will not use a pak cache.
[2024.01.18-15.54.12:831][  0]LogDerivedDataCache: Unable to find inner node CompressedPak for hierarchical cache Hierarchy.
[2024.01.18-15.54.12:852][  0]LogDerivedDataCache: Display: Pak cache opened for reading ../../../Engine/DerivedDataCache/Compressed.ddp.
[2024.01.18-15.54.12:852][  0]LogDerivedDataCache: FDerivedDataBackendGraph:  EnterprisePak pak cache file ../../../Enterprise/DerivedDataCache/Compressed.ddp not found, will not use a pak cache.
[2024.01.18-15.54.12:852][  0]LogDerivedDataCache: Unable to find inner node EnterprisePak for hierarchical cache Hierarchy.
[2024.01.18-15.54.12:857][  0]LogDerivedDataCache: Speed tests for C:/Users/ipabl/AppData/Local/UnrealEngine/Common/DerivedDataCache took 0.01 seconds
[2024.01.18-15.54.12:858][  0]LogDerivedDataCache: Display: Performance to C:/Users/ipabl/AppData/Local/UnrealEngine/Common/DerivedDataCache: Latency=0.02ms. RandomReadSpeed=1446.53MBs, RandomWriteSpeed=221.96MBs. Assigned SpeedClass 'Local'
[2024.01.18-15.54.12:858][  0]LogDerivedDataCache: Using Local data cache path C:/Users/ipabl/AppData/Local/UnrealEngine/Common/DerivedDataCache: Writable
[2024.01.18-15.54.12:858][  0]LogDerivedDataCache: Shared data cache path not found in *engine.ini, will not use an Shared cache.
[2024.01.18-15.54.12:858][  0]LogDerivedDataCache: Unable to find inner node Shared for hierarchical cache Hierarchy.
[2024.01.18-15.54.12:900][  0]LogSlate: Using FreeType 2.10.0
[2024.01.18-15.54.12:900][  0]LogSlate: SlateFontServices - WITH_FREETYPE: 1, WITH_HARFBUZZ: 1
[2024.01.18-15.54.12:920][  0]LogAssetRegistry: FAssetRegistry took 0.0023 seconds to start up
[2024.01.18-15.54.13:103][  0]LogInit: Selected Device Profile: [Windows]
[2024.01.18-15.54.13:103][  0]LogInit: Active device profile: [000001AB71CD7800][000001AB63657840 49] Windows
[2024.01.18-15.54.13:103][  0]LogInit: Profiles: [000001AB71CD7800][000001AB63657840 49] Windows, [000001AB71C90900][000001AB6365F9C0 49] WindowsNoEditor, [000001AB71CD4A00][000001AB649A9B40 49] WindowsServer, [000001AB71C93100][000001AB649AC140 49] WindowsClient, [000001AB71CD7000][000001AB649B02C0 49] IOS, [000001AB71C91200][000001AB649B4440 49] iPadAir, [000001AB71CD5100][000001AB649B85C0 49] iPadAir2, [000001AB71C50200][000001AB649C0880 49] IPadPro, [000001AB71C43F00][000001AB649BC8C0 49] iPadAir3, [000001AB71CD6C00][000001AB649C4A40 49] iPadAir4, [000001AB71C40F00][000001AB6365AB80 49] iPadMini2, [000001AB71CD5400][000001AB649C8CC0 49] iPadMini3, [000001AB71C42C00][000001AB649CCE00 49] iPadMini4, [000001AB71CD6500][000001AB649D0F40 49] iPadMini5, [000001AB71C92B00][000001AB649DD200 49] iPhone6, [000001AB71C92A00][000001AB649D9240 49] iPodTouch6, [000001AB71C41100][000001AB649E5500 49] iPhone7, [000001AB71C41200][000001AB649E1540 49] iPodTouch7, [000001AB71C93800][000001AB649E96C0 49] iPhone5S, [000001AB71C40300][000001AB649ED840 49] iPhone6Plus, [000001AB71C91F00][000001AB649F19C0 49] iPhone6S, [000001AB71C43600][000001AB6E367B40 49] iPhone6SPlus, [000001AB71C91100][000001AB6EC62140 49] iPhone7Plus, [000001AB71C43D00][000001AB6EC9A2C0 49] iPhoneSE, [000001AB71C91800][000001AB6ED34440 49] iPhone8, [000001AB71C42A00][000001AB6ED585C0 49] iPhone8Plus, [000001AB71C92700][000001AB6ED5C740 49] iPhoneX, [000001AB71C41000][000001AB6EE0C8C0 49] iPhoneXS, [000001AB71C93200][000001AB6EE18A40 49] iPhoneXSMax, [000001AB71C43500][000001AB6EF20BC0 49] iPhoneXR, [000001AB71C90400][000001AB6EF24D40 49] iPhone11, [000001AB71C42100][000001AB649D4E80 49] iPhone11Pro, [000001AB71C90600][000001AB6E1A8FC0 49] iPhone11ProMax, [000001AB71C43E00][000001AB6E1AD100 49] iPhoneSE2, [000001AB71C90A00][000001AB6E1B9280 49] iPhone12Mini, [000001AB71C42D00][000001AB6E1C1400 49] iPhone12, [000001AB71C91700][000001AB6E1D1580 49] iPhone12Pro, [000001AB71C41400][000001AB6E1D5700 49] iPhone12ProMax, [000001AB71C91300][000001AB6E1D9880 49] iPadPro105, [000001AB71C42300][000001AB6E1DDA00 49] iPadPro129, [000001AB71C91900][000001AB6E1E1B80 49] iPadPro97, [000001AB71C41E00][000001AB6E1EC180 49] iPadPro2_129, [000001AB71C92D00][000001AB6E31E300 49] iPad5, [000001AB71C41600][000001AB6E32E480 49] iPad6, [000001AB71C91A00][000001AB6E332600 49] iPad7, [000001AB71C41700][000001AB6E336780 49] iPad8, [000001AB71C92100][000001AB6E1E4900 49] iPadPro11, [000001AB71C41900][000001AB6E35AA80 49] iPadPro2_11, [000001AB71C93B00][000001AB6E35EC00 49] iPadPro3_129, [000001AB71C41D00][000001AB6E79CD80 49] iPadPro4_129, [000001AB71C93700][000001AB6EE04F00 49] AppleTV, [000001AB71C42900][000001AB6E1B5040 49] AppleTV4K, [000001AB71C92200][000001AB6EE09180 49] TVOS, [000001AB71C42400][000001AB6E7AD2C0 49] Mac, [000001AB71C92800][000001AB6EF39440 49] MacClient, [000001AB71C40800][000001AB6EFA35C0 49] MacNoEditor, [000001AB71C93E00][000001AB6EFC1740 49] MacServer, [000001AB71C43100][000001AB6EFDB8C0 49] Linux, [000001AB71C91D00][000001AB6E92BA40 49] LinuxAArch64, [000001AB71C40100][000001AB6E92FBC0 49] LinuxNoEditor, [000001AB71D19D00][000001AB6E9321C0 49] LinuxAArch64NoEditor, [000001AB71C53800][000001AB6EA5A340 49] LinuxClient, [000001AB71D19600][000001AB6EA7C4C0 49] LinuxAArch64Client, [000001AB71C50600][000001AB6EADC640 49] LinuxServer, [000001AB71D1A000][000001AB6EB2E7C0 49] LinuxAArch64Server, [000001AB71C50F00][000001AB6EB82940 49] Android, [000001AB71D18300][000001AB6EB86AC0 49] Android_Low, [000001AB71C52A00][000001AB6EBC0C40 49] Android_Mid, [000001AB71D19400][000001AB6EBC8DC0 49] Android_High, [000001AB71C51A00][000001AB6EBCCF40 49] Android_Default, [000001AB71D19000][000001AB7201D0C0 49] Android_Adreno4xx, [000001AB71C50D00][000001AB6EF2D200 49] Android_Adreno5xx_Low, [000001AB71D19100][000001AB72077340 49] Android_Adreno5xx, [000001AB71C51800][000001AB72209480 49] Android_Adreno6xx, [000001AB71D18900][000001AB7220D5C0 49] Android_Adreno6xx_Vulkan, [000001AB71C53000][000001AB72215740 49] Android_Mali_T6xx, [000001AB71D1A100][000001AB722898C0 49] Android_Mali_T7xx, [000001AB71C52100][000001AB7228DA40 49] Android_Mali_T8xx, [000001AB71D18500][000001AB6EBE1BC0 49] Android_Mali_G71, [000001AB71C53A00][000001AB6EBEA1C0 49] Android_Mali_G72, [000001AB71D19200][000001AB6EBEE340 49] Android_Mali_G72_Vulkan, [000001AB71C51D00][000001AB6EBF24C0 49] Android_Mali_G76, [000001AB71D18E00][000001AB6EBF6640 49] Android_Mali_G76_Vulkan, [000001AB71C50A00][000001AB6EBFA7C0 49] Android_Mali_G77, [000001AB71C43000][000001AB6ECA6940 49] Android_Mali_G77_Vulkan, [000001AB71C91500][000001AB6ECE6AC0 49] Android_Mali_G78, [000001AB71C40A00][000001AB6ECEAC40 49] Android_Mali_G78_Vulkan, [000001AB71C90E00][000001AB6ECEEDC0 49] Android_Mali_G710, [000001AB71C40700][000001AB6ECF2F40 49] Android_Mali_G710_Vulkan, [000001AB71C90F00][000001AB6E7630C0 49] Android_Vulkan_SM5, [000001AB71C42B00][000001AB6E767240 49] Android_PowerVR_G6xxx, [000001AB71C91400][000001AB72211380 49] Android_PowerVR_GT7xxx, [000001AB71C42500][000001AB6EDFB4C0 49] Android_PowerVR_GE8xxx, [000001AB71C92600][000001AB6EDFF600 49] Android_PowerVR_GM9xxx, [000001AB71C40D00][000001AB6E76F740 49] Android_PowerVR_GM9xxx_Vulkan, [000001AB71C93A00][000001AB6E7778C0 49] Android_TegraK1, [000001AB71D1A400][000001AB6E781A40 49] Android_Unknown_Vulkan, [000001AB71C90100][000001AB6E785BC0 49] Lumin, [000001AB71D18700][000001AB6E7881C0 49] Lumin_Desktop, [000001AB71C92400][000001AB6E78C340 49] HoloLens, 
[2024.01.18-15.54.13:212][  0]LogMeshReduction: Using QuadricMeshReduction for automatic static mesh reduction
[2024.01.18-15.54.13:212][  0]LogMeshReduction: Using SimplygonMeshReduction for automatic skeletal mesh reduction
[2024.01.18-15.54.13:212][  0]LogMeshReduction: Using ProxyLODMeshReduction for automatic mesh merging
[2024.01.18-15.54.13:212][  0]LogMeshReduction: No distributed automatic mesh merging module available
[2024.01.18-15.54.13:212][  0]LogMeshMerging: No distributed automatic mesh merging module available
[2024.01.18-15.54.13:222][  0]LogNetVersion: PGV_tower_defense 1.0.0, NetCL: 17155196, EngineNetVer: 17, GameNetVer: 0 (Checksum: 2880625003)
[2024.01.18-15.54.13:513][  0]LogTexture: Default maximum texture size for cubemaps generated from long-lat sources has been changed from 512 to unlimited. In order to preserve old behaiour for '/Engine/MapTemplates/Sky/DaylightAmbientCubemap.DaylightAmbientCubemap', its maximum texture size has been explicitly set to 512.
[2024.01.18-15.54.13:570][  0]LogHMD: PokeAHoleMaterial loaded successfully
[2024.01.18-15.54.13:576][  0]LogUObjectArray: 17178 objects as part of root set at end of initial load.
[2024.01.18-15.54.13:576][  0]LogUObjectAllocator: 4302048 out of 0 bytes used by permanent object pool.
[2024.01.18-15.54.13:576][  0]LogUObjectArray: CloseDisregardForGC: 0/0 objects in disregard for GC pool
[2024.01.18-15.54.13:806][  0]LogNiagaraDebuggerClient: Niagara Debugger Client Initialized | Session: 37928856485DA5F6CAA7D0A3908CCC66 | Instance: 23CD1BD04C029497C26402B06ED351F4 (DESKTOP-FHK2F01-21652).
[2024.01.18-15.54.13:862][  0]LogPython: Using Python 3.7.7
[2024.01.18-15.54.14:302][  0]LogTcpMessaging: Initializing TcpMessaging bridge
[2024.01.18-15.54.14:379][  0]LogUdpMessaging: Initializing bridge on interface 0.0.0.0:0 to multicast group 230.0.0.1:6666.
[2024.01.18-15.54.14:507][  0]SourceControl: El control de código fuente está desactivado
[2024.01.18-15.54.14:717][  0]LogSourceControl: Warning: '../../../../../../Users/ipabl/Documents/Unreal Projects/PVG/Lucia/PGV-level_dock/' is not part of a Git repository
[2024.01.18-15.54.14:800][  0]LogUProjectInfo: Found projects:
[2024.01.18-15.54.14:958][  0]LogOpenImageDenoise: OIDN starting up
[2024.01.18-15.54.14:972][  0]LogAndroidPermission: UAndroidPermissionCallbackProxy::GetInstance
[2024.01.18-15.54.14:994][  0]LogAudioCaptureCore: Display: No Audio Capture implementations found. Audio input will be silent.
[2024.01.18-15.54.14:994][  0]LogAudioCaptureCore: Display: No Audio Capture implementations found. Audio input will be silent.
[2024.01.18-15.54.15:087][  0]LogCollectionManager: Loaded 0 collections in 0.001177 seconds
[2024.01.18-15.54.15:104][  0]LogFileCache: Scanning file cache for directory 'C:/Users/ipabl/Documents/Unreal Projects/PVG/Lucia/PGV-level_dock/Saved/Collections/' took 0.00s
[2024.01.18-15.54.15:104][  0]LogFileCache: Scanning file cache for directory 'C:/Users/ipabl/Documents/Unreal Projects/PVG/Lucia/PGV-level_dock/Content/Developers/ipabl/Collections/' took 0.00s
[2024.01.18-15.54.15:104][  0]LogFileCache: Scanning file cache for directory 'C:/Users/ipabl/Documents/Unreal Projects/PVG/Lucia/PGV-level_dock/Content/Collections/' took 0.00s
[2024.01.18-15.54.15:104][  0]LogOcInput: OculusInput pre-init called
[2024.01.18-15.54.15:295][  0]LogEngine: Initializing Engine...
[2024.01.18-15.54.15:343][  0]LogHMD: Failed to enumerate extensions. Please check that you have a valid OpenXR runtime installed.
[2024.01.18-15.54.15:343][  0]LogHMD: Failed to initialize OpenVR with code 110
[2024.01.18-15.54.15:343][  0]LogMagicLeap: Warning: VR disabled because ZI is not enabled.  To enable, in the editor, Edit -> Project Settings -> Plugins -> Magic Leap Plugin -> Enable Zero Iteration
[2024.01.18-15.54.15:344][  0]LogStats: UGameplayTagsManager::InitializeManager -  0.000 s
[2024.01.18-15.54.15:439][  0]LogInit: Initializing FReadOnlyCVARCache
[2024.01.18-15.54.15:447][  0]LogAIModule: Creating AISystem for world Untitled
[2024.01.18-15.54.15:448][  0]LogAudio: Display: Initializing Audio Device Manager...
[2024.01.18-15.54.15:450][  0]LogAudio: Display: Loading Default Audio Settings Objects...
[2024.01.18-15.54.15:451][  0]LogAudio: Display: No default SoundConcurrencyObject specified (or failed to load).
[2024.01.18-15.54.15:451][  0]LogAudio: Display: Audio Device Manager Initialized
[2024.01.18-15.54.15:451][  0]LogAudio: Display: Creating Audio Device:                 Id: 1, Scope: Shared, Realtime: True
[2024.01.18-15.54.15:451][  0]LogAudioMixer: Display: Audio Mixer Platform Settings:
[2024.01.18-15.54.15:451][  0]LogAudioMixer: Display: 	Sample Rate:						  48000
[2024.01.18-15.54.15:451][  0]LogAudioMixer: Display: 	Callback Buffer Frame Size Requested: 1024
[2024.01.18-15.54.15:451][  0]LogAudioMixer: Display: 	Callback Buffer Frame Size To Use:	  1024
[2024.01.18-15.54.15:451][  0]LogAudioMixer: Display: 	Number of buffers to queue:			  2
[2024.01.18-15.54.15:451][  0]LogAudioMixer: Display: 	Max Channels (voices):				  32
[2024.01.18-15.54.15:451][  0]LogAudioMixer: Display: 	Number of Async Source Workers:		  0
[2024.01.18-15.54.15:451][  0]LogAudio: Display: AudioDevice MaxSources: 32
[2024.01.18-15.54.15:452][  0]LogAudio: Display: Audio Spatialization Plugin: None (built-in).
[2024.01.18-15.54.15:452][  0]LogAudio: Display: Audio Reverb Plugin: None (built-in).
[2024.01.18-15.54.15:452][  0]LogAudio: Display: Audio Occlusion Plugin: None (built-in).
[2024.01.18-15.54.15:452][  0]LogAudioMixer: Display: Initializing audio mixer.
[2024.01.18-15.54.15:462][  0]LogAudioMixer: Display: 0: FrontLeft
[2024.01.18-15.54.15:462][  0]LogAudioMixer: Display: 1: FrontRight
[2024.01.18-15.54.15:561][  0]LogAudioMixer: Display: Using Audio Device Auriculares (Philips TAH8505BK)
[2024.01.18-15.54.15:562][  0]LogAudioMixer: Display: Initializing Sound Submixes...
[2024.01.18-15.54.15:563][  0]LogAudioMixer: Display: Creating Master Submix 'MasterSubmixDefault'
[2024.01.18-15.54.15:563][  0]LogAudioMixer: Display: Creating Master Submix 'MasterReverbSubmixDefault'
[2024.01.18-15.54.15:563][  0]LogAudioMixer: Display: Creating Master Submix 'MasterEQSubmixDefault'
[2024.01.18-15.54.15:563][  0]LogAudioMixer: FMixerPlatformXAudio2::StartAudioStream() called
[2024.01.18-15.54.15:563][  0]LogAudioMixer: Display: Output buffers initialized: Frames=1024, Channels=2, Samples=2048
[2024.01.18-15.54.15:565][  0]LogAudioMixer: Display: Starting AudioMixerPlatformInterface::RunInternal()
[2024.01.18-15.54.15:565][  0]LogAudioMixer: Display: FMixerPlatformXAudio2::SubmitBuffer() called for the first time
[2024.01.18-15.54.15:565][  0]LogInit: FAudioDevice initialized.
[2024.01.18-15.54.15:565][  0]LogAudio: Display: Audio Device (ID: 1) registered with world 'Untitled'.
[2024.01.18-15.54.15:565][  0]LogNetVersion: Set ProjectVersion to 1.0.0.0. Version Checksum will be recalculated on next use.
[2024.01.18-15.54.15:615][  0]LogDerivedDataCache: Saved boot cache 0.05s 94MB C:/Users/ipabl/AppData/Local/UnrealEngine/4.27/DerivedDataCache/Boot.ddc.
[2024.01.18-15.54.15:615][  0]LogInit: Texture streaming: Enabled
[2024.01.18-15.54.15:624][  0]LogAnalytics: Display: [UEEditor.Rocket.Release] APIServer = https://datarouter.ol.epicgames.com/. AppVersion = 4.27.2-18319896+++UE4+Release-4.27
[2024.01.18-15.54.15:628][  0]LogEngineSessionManager: EngineSessionManager initialized
[2024.01.18-15.54.15:628][  0]LogEditorSessionSummary: Verbose: Initializing EditorSessionSummaryWriter for editor session tracking
[2024.01.18-15.54.15:629][  0]LogEditorSessionSummary: EditorSessionSummaryWriter initialized
[2024.01.18-15.54.15:650][  0]LogInit: Transaction tracking system initialized
[2024.01.18-15.54.15:666][  0]BlueprintLog: New page: Cargar el editor
[2024.01.18-15.54.15:712][  0]LocalizationService: Localization service is disabled
[2024.01.18-15.54.15:734][  0]TimingProfiler: Initialize
[2024.01.18-15.54.15:734][  0]TimingProfiler: OnSessionChanged
[2024.01.18-15.54.15:734][  0]LoadingProfiler: Initialize
[2024.01.18-15.54.15:734][  0]LoadingProfiler: OnSessionChanged
[2024.01.18-15.54.15:734][  0]NetworkingProfiler: Initialize
[2024.01.18-15.54.15:734][  0]NetworkingProfiler: OnSessionChanged
[2024.01.18-15.54.15:734][  0]MemoryProfiler: Initialize
[2024.01.18-15.54.15:734][  0]MemoryProfiler: OnSessionChanged
[2024.01.18-15.54.15:847][  0]LogCook: Display: CookSettings for Memory: MemoryMaxUsedVirtual 0MiB, MemoryMaxUsedPhysical 16384MiB, MemoryMinFreeVirtual 0MiB, MemoryMinFreePhysical 1024MiB
[2024.01.18-15.54.15:847][  0]LogCook: Display: Mobile HDR setting 1
[2024.01.18-15.54.16:011][  0]LogFileCache: Scanning file cache for directory 'C:/Users/ipabl/Documents/Unreal Projects/PVG/Lucia/PGV-level_dock/Content/' took 0.01s
[2024.01.18-15.54.16:158][  0]LogInit: Display: Engine is initialized. Leaving FEngineLoop::Init()
[2024.01.18-15.54.16:282][  0]LogSlate: Took 0.000113 seconds to synchronously load lazily loaded font '../../../Engine/Content/Slate/Fonts/Roboto-Regular.ttf' (155K)
[2024.01.18-15.54.26:256][  0]LogSlate: Window 'Recuperar los paquetes' being destroyed
[2024.01.18-15.54.29:464][  0]LogSlate: Window '¡Imposible salir del control del código fuente!' being destroyed
[2024.01.18-15.54.29:473][  0]Message dialog closed, result: Ok, title: ¡Imposible salir del control del código fuente!, text: Los siguientes activos no se han revisado correctamente en el control del código fuente: 
/Game/Enemies/BigMutant
/Game/Enemies/GiantMutant
/Game/Enemies/LitlleMutant
[2024.01.18-15.54.29:497][  0]LogUnrealEdMisc: Loading editor; pre map load, took 19.153
[2024.01.18-15.54.29:498][  0]Cmd: MAP LOAD FILE="../../../../../../Users/ipabl/Documents/Unreal Projects/PVG/Lucia/PGV-level_dock/Content/Map_personal/Level01.umap" TEMPLATE=0 SHOWPROGRESS=1 FEATURELEVEL=3
[2024.01.18-15.54.29:499][  0]LightingResults: New page: Diseñar la iluminación
[2024.01.18-15.54.29:500][  0]LogWorld: UWorld::CleanupWorld for Untitled, bSessionEnded=true, bCleanupResources=true
[2024.01.18-15.54.29:500][  0]LogSlate: InvalidateAllWidgets triggered.  All widgets were invalidated
[2024.01.18-15.54.29:500][  0]MapCheck: New page: Revisión del mapa
[2024.01.18-15.54.29:500][  0]LightingResults: New page: Diseñar la iluminación
[2024.01.18-15.54.29:505][  0]LogAudio: Display: Audio Device unregistered from world 'None'.
[2024.01.18-15.54.29:509][  0]LogUObjectHash: Compacting FUObjectHashTables data took   0.77ms
[2024.01.18-15.54.30:820][  0]LogAudio: Display: Audio Device (ID: 1) registered with world 'Level01'.
[2024.01.18-15.54.30:821][  0]LogAIModule: Creating AISystem for world Level01
[2024.01.18-15.54.32:479][  0]LogEditorServer: Finished looking for orphan Actors (0.000 secs)
[2024.01.18-15.54.32:518][  0]LogNavigationDataBuild: Display:    Building NavData:  Name Default class /Script/NavigationSystem.RecastNavMesh agent radius 35.0.
[2024.01.18-15.54.32:568][  0]LogUObjectHash: Compacting FUObjectHashTables data took   0.85ms
[2024.01.18-15.54.32:569][  0]Cmd: MAP CHECKDEP NOCLEARLOG
[2024.01.18-15.54.32:569][  0]MapCheck: Map check complete: 0 Error(s), 0 Warning(s), took 0,131ms to complete.
[2024.01.18-15.54.32:569][  0]LogFileHelpers: Loading map 'Level01' took 3.071
[2024.01.18-15.54.32:571][  0]LogUnrealEdMisc: Total Editor Startup Time, took 22.227
[2024.01.18-15.54.32:662][  0]LogSlate: Updating window title bar state: overlay mode, drag disabled, window buttons hidden, title bar hidden
[2024.01.18-15.54.32:667][  0]LogSlate: Updating window title bar state: overlay mode, drag disabled, window buttons hidden, title bar hidden
[2024.01.18-15.54.32:671][  0]LogSlate: Updating window title bar state: overlay mode, drag disabled, window buttons hidden, title bar hidden
[2024.01.18-15.54.32:675][  0]LogSlate: Updating window title bar state: overlay mode, drag disabled, window buttons hidden, title bar hidden
[2024.01.18-15.54.32:690][  0]LogNativeClassHierarchy: Verbose: Native class hierarchy populated in 0.0073 seconds. Added 3822 classes and 928 folders.
[2024.01.18-15.54.32:693][  0]LogNativeClassHierarchy: Verbose: Native class hierarchy updated for 'WidgetCarousel' in 0.0002 seconds. Added 0 classes and 0 folders.
[2024.01.18-15.54.32:703][  0]LogPakFile: PakFile PrimaryIndexSize=187
[2024.01.18-15.54.32:703][  0]LogPakFile: PakFile PathHashIndexSize=101
[2024.01.18-15.54.32:703][  0]LogPakFile: PakFile FullDirectoryIndexSize=148
[2024.01.18-15.54.32:703][  0]LogShaderLibrary: Display: ShaderCodeLibraryPakFileMountedCallback: PakFile 'C:/Program Files/Epic Games/UE_4.27/FeaturePacks/FP_FirstPerson.upack' (chunk index -1, root 'root:/') mounted
[2024.01.18-15.54.32:703][  0]LogShaderLibrary: Display: ShaderCodeLibraryPakFileMountedCallback: pending pak file info (ChunkID:-1 Root:root:/ File:C:/Program Files/Epic Games/UE_4.27/FeaturePacks/FP_FirstPerson.upack)
[2024.01.18-15.54.32:703][  0]LogPakFile: OnPakFileMounted2Time == 0.000044
[2024.01.18-15.54.32:711][  0]LogPakFile: PakFile PrimaryIndexSize=189
[2024.01.18-15.54.32:711][  0]LogPakFile: PakFile PathHashIndexSize=101
[2024.01.18-15.54.32:711][  0]LogPakFile: PakFile FullDirectoryIndexSize=152
[2024.01.18-15.54.32:711][  0]LogShaderLibrary: Display: ShaderCodeLibraryPakFileMountedCallback: PakFile 'C:/Program Files/Epic Games/UE_4.27/FeaturePacks/FP_FirstPersonBP.upack' (chunk index -1, root 'root:/') mounted
[2024.01.18-15.54.32:711][  0]LogShaderLibrary: Display: ShaderCodeLibraryPakFileMountedCallback: pending pak file info (ChunkID:-1 Root:root:/ File:C:/Program Files/Epic Games/UE_4.27/FeaturePacks/FP_FirstPersonBP.upack)
[2024.01.18-15.54.32:711][  0]LogPakFile: OnPakFileMounted2Time == 0.000034
[2024.01.18-15.54.32:716][  0]LogPakFile: PakFile PrimaryIndexSize=191
[2024.01.18-15.54.32:716][  0]LogPakFile: PakFile PathHashIndexSize=101
[2024.01.18-15.54.32:717][  0]LogPakFile: PakFile FullDirectoryIndexSize=160
[2024.01.18-15.54.32:717][  0]LogShaderLibrary: Display: ShaderCodeLibraryPakFileMountedCallback: PakFile 'C:/Program Files/Epic Games/UE_4.27/FeaturePacks/MobileStarterContent.upack' (chunk index -1, root 'root:/') mounted
[2024.01.18-15.54.32:717][  0]LogShaderLibrary: Display: ShaderCodeLibraryPakFileMountedCallback: pending pak file info (ChunkID:-1 Root:root:/ File:C:/Program Files/Epic Games/UE_4.27/FeaturePacks/MobileStarterContent.upack)
[2024.01.18-15.54.32:717][  0]LogPakFile: OnPakFileMounted2Time == 0.000060
[2024.01.18-15.54.32:722][  0]LogPakFile: PakFile PrimaryIndexSize=185
[2024.01.18-15.54.32:722][  0]LogPakFile: PakFile PathHashIndexSize=101
[2024.01.18-15.54.32:722][  0]LogPakFile: PakFile FullDirectoryIndexSize=148
[2024.01.18-15.54.32:722][  0]LogShaderLibrary: Display: ShaderCodeLibraryPakFileMountedCallback: PakFile 'C:/Program Files/Epic Games/UE_4.27/FeaturePacks/StarterContent.upack' (chunk index -1, root 'root:/') mounted
[2024.01.18-15.54.32:722][  0]LogShaderLibrary: Display: ShaderCodeLibraryPakFileMountedCallback: pending pak file info (ChunkID:-1 Root:root:/ File:C:/Program Files/Epic Games/UE_4.27/FeaturePacks/StarterContent.upack)
[2024.01.18-15.54.32:722][  0]LogPakFile: OnPakFileMounted2Time == 0.000033
[2024.01.18-15.54.32:728][  0]LogPakFile: PakFile PrimaryIndexSize=190
[2024.01.18-15.54.32:728][  0]LogPakFile: PakFile PathHashIndexSize=101
[2024.01.18-15.54.32:728][  0]LogPakFile: PakFile FullDirectoryIndexSize=154
[2024.01.18-15.54.32:728][  0]LogShaderLibrary: Display: ShaderCodeLibraryPakFileMountedCallback: PakFile 'C:/Program Files/Epic Games/UE_4.27/FeaturePacks/TP_2DSideScroller.upack' (chunk index -1, root 'root:/') mounted
[2024.01.18-15.54.32:728][  0]LogShaderLibrary: Display: ShaderCodeLibraryPakFileMountedCallback: pending pak file info (ChunkID:-1 Root:root:/ File:C:/Program Files/Epic Games/UE_4.27/FeaturePacks/TP_2DSideScroller.upack)
[2024.01.18-15.54.32:728][  0]LogPakFile: OnPakFileMounted2Time == 0.000030
[2024.01.18-15.54.32:733][  0]LogPakFile: PakFile PrimaryIndexSize=192
[2024.01.18-15.54.32:733][  0]LogPakFile: PakFile PathHashIndexSize=101
[2024.01.18-15.54.32:733][  0]LogPakFile: PakFile FullDirectoryIndexSize=158
[2024.01.18-15.54.32:733][  0]LogShaderLibrary: Display: ShaderCodeLibraryPakFileMountedCallback: PakFile 'C:/Program Files/Epic Games/UE_4.27/FeaturePacks/TP_2DSideScrollerBP.upack' (chunk index -1, root 'root:/') mounted
[2024.01.18-15.54.32:733][  0]LogShaderLibrary: Display: ShaderCodeLibraryPakFileMountedCallback: pending pak file info (ChunkID:-1 Root:root:/ File:C:/Program Files/Epic Games/UE_4.27/FeaturePacks/TP_2DSideScrollerBP.upack)
[2024.01.18-15.54.32:733][  0]LogPakFile: OnPakFileMounted2Time == 0.000028
[2024.01.18-15.54.32:738][  0]LogPakFile: PakFile PrimaryIndexSize=182
[2024.01.18-15.54.32:738][  0]LogPakFile: PakFile PathHashIndexSize=101
[2024.01.18-15.54.32:738][  0]LogPakFile: PakFile FullDirectoryIndexSize=138
[2024.01.18-15.54.32:738][  0]LogShaderLibrary: Display: ShaderCodeLibraryPakFileMountedCallback: PakFile 'C:/Program Files/Epic Games/UE_4.27/FeaturePacks/TP_Flying.upack' (chunk index -1, root 'root:/') mounted
[2024.01.18-15.54.32:738][  0]LogShaderLibrary: Display: ShaderCodeLibraryPakFileMountedCallback: pending pak file info (ChunkID:-1 Root:root:/ File:C:/Program Files/Epic Games/UE_4.27/FeaturePacks/TP_Flying.upack)
[2024.01.18-15.54.32:738][  0]LogPakFile: OnPakFileMounted2Time == 0.000030
[2024.01.18-15.54.32:744][  0]LogPakFile: PakFile PrimaryIndexSize=184
[2024.01.18-15.54.32:744][  0]LogPakFile: PakFile PathHashIndexSize=101
[2024.01.18-15.54.32:744][  0]LogPakFile: PakFile FullDirectoryIndexSize=142
[2024.01.18-15.54.32:744][  0]LogShaderLibrary: Display: ShaderCodeLibraryPakFileMountedCallback: PakFile 'C:/Program Files/Epic Games/UE_4.27/FeaturePacks/TP_FlyingBP.upack' (chunk index -1, root 'root:/') mounted
[2024.01.18-15.54.32:744][  0]LogShaderLibrary: Display: ShaderCodeLibraryPakFileMountedCallback: pending pak file info (ChunkID:-1 Root:root:/ File:C:/Program Files/Epic Games/UE_4.27/FeaturePacks/TP_FlyingBP.upack)
[2024.01.18-15.54.32:744][  0]LogPakFile: OnPakFileMounted2Time == 0.000047
[2024.01.18-15.54.32:750][  0]LogPakFile: PakFile PrimaryIndexSize=188
[2024.01.18-15.54.32:750][  0]LogPakFile: PakFile PathHashIndexSize=101
[2024.01.18-15.54.32:750][  0]LogPakFile: PakFile FullDirectoryIndexSize=150
[2024.01.18-15.54.32:750][  0]LogShaderLibrary: Display: ShaderCodeLibraryPakFileMountedCallback: PakFile 'C:/Program Files/Epic Games/UE_4.27/FeaturePacks/TP_HandheldARBP.upack' (chunk index -1, root 'root:/') mounted
[2024.01.18-15.54.32:750][  0]LogShaderLibrary: Display: ShaderCodeLibraryPakFileMountedCallback: pending pak file info (ChunkID:-1 Root:root:/ File:C:/Program Files/Epic Games/UE_4.27/FeaturePacks/TP_HandheldARBP.upack)
[2024.01.18-15.54.32:750][  0]LogPakFile: OnPakFileMounted2Time == 0.000031
[2024.01.18-15.54.32:756][  0]LogPakFile: PakFile PrimaryIndexSize=182
[2024.01.18-15.54.32:756][  0]LogPakFile: PakFile PathHashIndexSize=101
[2024.01.18-15.54.32:756][  0]LogPakFile: PakFile FullDirectoryIndexSize=138
[2024.01.18-15.54.32:756][  0]LogShaderLibrary: Display: ShaderCodeLibraryPakFileMountedCallback: PakFile 'C:/Program Files/Epic Games/UE_4.27/FeaturePacks/TP_Puzzle.upack' (chunk index -1, root 'root:/') mounted
[2024.01.18-15.54.32:756][  0]LogShaderLibrary: Display: ShaderCodeLibraryPakFileMountedCallback: pending pak file info (ChunkID:-1 Root:root:/ File:C:/Program Files/Epic Games/UE_4.27/FeaturePacks/TP_Puzzle.upack)
[2024.01.18-15.54.32:756][  0]LogPakFile: OnPakFileMounted2Time == 0.000033
[2024.01.18-15.54.32:761][  0]LogPakFile: PakFile PrimaryIndexSize=184
[2024.01.18-15.54.32:761][  0]LogPakFile: PakFile PathHashIndexSize=101
[2024.01.18-15.54.32:761][  0]LogPakFile: PakFile FullDirectoryIndexSize=142
[2024.01.18-15.54.32:761][  0]LogShaderLibrary: Display: ShaderCodeLibraryPakFileMountedCallback: PakFile 'C:/Program Files/Epic Games/UE_4.27/FeaturePacks/TP_PuzzleBP.upack' (chunk index -1, root 'root:/') mounted
[2024.01.18-15.54.32:761][  0]LogShaderLibrary: Display: ShaderCodeLibraryPakFileMountedCallback: pending pak file info (ChunkID:-1 Root:root:/ File:C:/Program Files/Epic Games/UE_4.27/FeaturePacks/TP_PuzzleBP.upack)
[2024.01.18-15.54.32:761][  0]LogPakFile: OnPakFileMounted2Time == 0.000037
[2024.01.18-15.54.32:767][  0]LogPakFile: PakFile PrimaryIndexSize=183
[2024.01.18-15.54.32:767][  0]LogPakFile: PakFile PathHashIndexSize=101
[2024.01.18-15.54.32:767][  0]LogPakFile: PakFile FullDirectoryIndexSize=140
[2024.01.18-15.54.32:767][  0]LogShaderLibrary: Display: ShaderCodeLibraryPakFileMountedCallback: PakFile 'C:/Program Files/Epic Games/UE_4.27/FeaturePacks/TP_Rolling.upack' (chunk index -1, root 'root:/') mounted
[2024.01.18-15.54.32:767][  0]LogShaderLibrary: Display: ShaderCodeLibraryPakFileMountedCallback: pending pak file info (ChunkID:-1 Root:root:/ File:C:/Program Files/Epic Games/UE_4.27/FeaturePacks/TP_Rolling.upack)
[2024.01.18-15.54.32:767][  0]LogPakFile: OnPakFileMounted2Time == 0.000030
[2024.01.18-15.54.32:772][  0]LogPakFile: PakFile PrimaryIndexSize=185
[2024.01.18-15.54.32:772][  0]LogPakFile: PakFile PathHashIndexSize=101
[2024.01.18-15.54.32:772][  0]LogPakFile: PakFile FullDirectoryIndexSize=144
[2024.01.18-15.54.32:772][  0]LogShaderLibrary: Display: ShaderCodeLibraryPakFileMountedCallback: PakFile 'C:/Program Files/Epic Games/UE_4.27/FeaturePacks/TP_RollingBP.upack' (chunk index -1, root 'root:/') mounted
[2024.01.18-15.54.32:772][  0]LogShaderLibrary: Display: ShaderCodeLibraryPakFileMountedCallback: pending pak file info (ChunkID:-1 Root:root:/ File:C:/Program Files/Epic Games/UE_4.27/FeaturePacks/TP_RollingBP.upack)
[2024.01.18-15.54.32:772][  0]LogPakFile: OnPakFileMounted2Time == 0.000028
[2024.01.18-15.54.32:779][  0]LogPakFile: PakFile PrimaryIndexSize=188
[2024.01.18-15.54.32:779][  0]LogPakFile: PakFile PathHashIndexSize=101
[2024.01.18-15.54.32:779][  0]LogPakFile: PakFile FullDirectoryIndexSize=150
[2024.01.18-15.54.32:779][  0]LogShaderLibrary: Display: ShaderCodeLibraryPakFileMountedCallback: PakFile 'C:/Program Files/Epic Games/UE_4.27/FeaturePacks/TP_SideScroller.upack' (chunk index -1, root 'root:/') mounted
[2024.01.18-15.54.32:779][  0]LogShaderLibrary: Display: ShaderCodeLibraryPakFileMountedCallback: pending pak file info (ChunkID:-1 Root:root:/ File:C:/Program Files/Epic Games/UE_4.27/FeaturePacks/TP_SideScroller.upack)
[2024.01.18-15.54.32:779][  0]LogPakFile: OnPakFileMounted2Time == 0.000031
[2024.01.18-15.54.32:783][  0]LogPakFile: PakFile PrimaryIndexSize=190
[2024.01.18-15.54.32:783][  0]LogPakFile: PakFile PathHashIndexSize=101
[2024.01.18-15.54.32:783][  0]LogPakFile: PakFile FullDirectoryIndexSize=154
[2024.01.18-15.54.32:783][  0]LogShaderLibrary: Display: ShaderCodeLibraryPakFileMountedCallback: PakFile 'C:/Program Files/Epic Games/UE_4.27/FeaturePacks/TP_SideScrollerBP.upack' (chunk index -1, root 'root:/') mounted
[2024.01.18-15.54.32:783][  0]LogShaderLibrary: Display: ShaderCodeLibraryPakFileMountedCallback: pending pak file info (ChunkID:-1 Root:root:/ File:C:/Program Files/Epic Games/UE_4.27/FeaturePacks/TP_SideScrollerBP.upack)
[2024.01.18-15.54.32:783][  0]LogPakFile: OnPakFileMounted2Time == 0.000030
[2024.01.18-15.54.32:789][  0]LogPakFile: PakFile PrimaryIndexSize=187
[2024.01.18-15.54.32:789][  0]LogPakFile: PakFile PathHashIndexSize=101
[2024.01.18-15.54.32:789][  0]LogPakFile: PakFile FullDirectoryIndexSize=148
[2024.01.18-15.54.32:789][  0]LogShaderLibrary: Display: ShaderCodeLibraryPakFileMountedCallback: PakFile 'C:/Program Files/Epic Games/UE_4.27/FeaturePacks/TP_ThirdPerson.upack' (chunk index -1, root 'root:/') mounted
[2024.01.18-15.54.32:789][  0]LogShaderLibrary: Display: ShaderCodeLibraryPakFileMountedCallback: pending pak file info (ChunkID:-1 Root:root:/ File:C:/Program Files/Epic Games/UE_4.27/FeaturePacks/TP_ThirdPerson.upack)
[2024.01.18-15.54.32:789][  0]LogPakFile: OnPakFileMounted2Time == 0.000029
[2024.01.18-15.54.32:794][  0]LogPakFile: PakFile PrimaryIndexSize=189
[2024.01.18-15.54.32:794][  0]LogPakFile: PakFile PathHashIndexSize=101
[2024.01.18-15.54.32:794][  0]LogPakFile: PakFile FullDirectoryIndexSize=152
[2024.01.18-15.54.32:794][  0]LogShaderLibrary: Display: ShaderCodeLibraryPakFileMountedCallback: PakFile 'C:/Program Files/Epic Games/UE_4.27/FeaturePacks/TP_ThirdPersonBP.upack' (chunk index -1, root 'root:/') mounted
[2024.01.18-15.54.32:794][  0]LogShaderLibrary: Display: ShaderCodeLibraryPakFileMountedCallback: pending pak file info (ChunkID:-1 Root:root:/ File:C:/Program Files/Epic Games/UE_4.27/FeaturePacks/TP_ThirdPersonBP.upack)
[2024.01.18-15.54.32:794][  0]LogPakFile: OnPakFileMounted2Time == 0.000029
[2024.01.18-15.54.32:800][  0]LogPakFile: PakFile PrimaryIndexSize=183
[2024.01.18-15.54.32:800][  0]LogPakFile: PakFile PathHashIndexSize=101
[2024.01.18-15.54.32:800][  0]LogPakFile: PakFile FullDirectoryIndexSize=140
[2024.01.18-15.54.32:800][  0]LogShaderLibrary: Display: ShaderCodeLibraryPakFileMountedCallback: PakFile 'C:/Program Files/Epic Games/UE_4.27/FeaturePacks/TP_TopDown.upack' (chunk index -1, root 'root:/') mounted
[2024.01.18-15.54.32:800][  0]LogShaderLibrary: Display: ShaderCodeLibraryPakFileMountedCallback: pending pak file info (ChunkID:-1 Root:root:/ File:C:/Program Files/Epic Games/UE_4.27/FeaturePacks/TP_TopDown.upack)
[2024.01.18-15.54.32:800][  0]LogPakFile: OnPakFileMounted2Time == 0.000036
[2024.01.18-15.54.32:806][  0]LogPakFile: PakFile PrimaryIndexSize=185
[2024.01.18-15.54.32:806][  0]LogPakFile: PakFile PathHashIndexSize=101
[2024.01.18-15.54.32:806][  0]LogPakFile: PakFile FullDirectoryIndexSize=144
[2024.01.18-15.54.32:806][  0]LogShaderLibrary: Display: ShaderCodeLibraryPakFileMountedCallback: PakFile 'C:/Program Files/Epic Games/UE_4.27/FeaturePacks/TP_TopDownBP.upack' (chunk index -1, root 'root:/') mounted
[2024.01.18-15.54.32:806][  0]LogShaderLibrary: Display: ShaderCodeLibraryPakFileMountedCallback: pending pak file info (ChunkID:-1 Root:root:/ File:C:/Program Files/Epic Games/UE_4.27/FeaturePacks/TP_TopDownBP.upack)
[2024.01.18-15.54.32:806][  0]LogPakFile: OnPakFileMounted2Time == 0.000035
[2024.01.18-15.54.32:814][  0]LogPakFile: PakFile PrimaryIndexSize=185
[2024.01.18-15.54.32:814][  0]LogPakFile: PakFile PathHashIndexSize=101
[2024.01.18-15.54.32:815][  0]LogPakFile: PakFile FullDirectoryIndexSize=144
[2024.01.18-15.54.32:815][  0]LogShaderLibrary: Display: ShaderCodeLibraryPakFileMountedCallback: PakFile 'C:/Program Files/Epic Games/UE_4.27/FeaturePacks/TP_TwinStick.upack' (chunk index -1, root 'root:/') mounted
[2024.01.18-15.54.32:815][  0]LogShaderLibrary: Display: ShaderCodeLibraryPakFileMountedCallback: pending pak file info (ChunkID:-1 Root:root:/ File:C:/Program Files/Epic Games/UE_4.27/FeaturePacks/TP_TwinStick.upack)
[2024.01.18-15.54.32:815][  0]LogPakFile: OnPakFileMounted2Time == 0.000037
[2024.01.18-15.54.32:820][  0]LogPakFile: PakFile PrimaryIndexSize=187
[2024.01.18-15.54.32:820][  0]LogPakFile: PakFile PathHashIndexSize=101
[2024.01.18-15.54.32:820][  0]LogPakFile: PakFile FullDirectoryIndexSize=148
[2024.01.18-15.54.32:820][  0]LogShaderLibrary: Display: ShaderCodeLibraryPakFileMountedCallback: PakFile 'C:/Program Files/Epic Games/UE_4.27/FeaturePacks/TP_TwinStickBP.upack' (chunk index -1, root 'root:/') mounted
[2024.01.18-15.54.32:820][  0]LogShaderLibrary: Display: ShaderCodeLibraryPakFileMountedCallback: pending pak file info (ChunkID:-1 Root:root:/ File:C:/Program Files/Epic Games/UE_4.27/FeaturePacks/TP_TwinStickBP.upack)
[2024.01.18-15.54.32:820][  0]LogPakFile: OnPakFileMounted2Time == 0.000028
[2024.01.18-15.54.32:825][  0]LogPakFile: PakFile PrimaryIndexSize=183
[2024.01.18-15.54.32:825][  0]LogPakFile: PakFile PathHashIndexSize=101
[2024.01.18-15.54.32:825][  0]LogPakFile: PakFile FullDirectoryIndexSize=140
[2024.01.18-15.54.32:825][  0]LogShaderLibrary: Display: ShaderCodeLibraryPakFileMountedCallback: PakFile 'C:/Program Files/Epic Games/UE_4.27/FeaturePacks/TP_Vehicle.upack' (chunk index -1, root 'root:/') mounted
[2024.01.18-15.54.32:825][  0]LogShaderLibrary: Display: ShaderCodeLibraryPakFileMountedCallback: pending pak file info (ChunkID:-1 Root:root:/ File:C:/Program Files/Epic Games/UE_4.27/FeaturePacks/TP_Vehicle.upack)
[2024.01.18-15.54.32:825][  0]LogPakFile: OnPakFileMounted2Time == 0.000030
[2024.01.18-15.54.32:830][  0]LogPakFile: PakFile PrimaryIndexSize=186
[2024.01.18-15.54.32:830][  0]LogPakFile: PakFile PathHashIndexSize=101
[2024.01.18-15.54.32:830][  0]LogPakFile: PakFile FullDirectoryIndexSize=146
[2024.01.18-15.54.32:830][  0]LogShaderLibrary: Display: ShaderCodeLibraryPakFileMountedCallback: PakFile 'C:/Program Files/Epic Games/UE_4.27/FeaturePacks/TP_VehicleAdv.upack' (chunk index -1, root 'root:/') mounted
[2024.01.18-15.54.32:830][  0]LogShaderLibrary: Display: ShaderCodeLibraryPakFileMountedCallback: pending pak file info (ChunkID:-1 Root:root:/ File:C:/Program Files/Epic Games/UE_4.27/FeaturePacks/TP_VehicleAdv.upack)
[2024.01.18-15.54.32:830][  0]LogPakFile: OnPakFileMounted2Time == 0.000027
[2024.01.18-15.54.32:834][  0]LogPakFile: PakFile PrimaryIndexSize=188
[2024.01.18-15.54.32:834][  0]LogPakFile: PakFile PathHashIndexSize=101
[2024.01.18-15.54.32:834][  0]LogPakFile: PakFile FullDirectoryIndexSize=150
[2024.01.18-15.54.32:834][  0]LogShaderLibrary: Display: ShaderCodeLibraryPakFileMountedCallback: PakFile 'C:/Program Files/Epic Games/UE_4.27/FeaturePacks/TP_VehicleAdvBP.upack' (chunk index -1, root 'root:/') mounted
[2024.01.18-15.54.32:834][  0]LogShaderLibrary: Display: ShaderCodeLibraryPakFileMountedCallback: pending pak file info (ChunkID:-1 Root:root:/ File:C:/Program Files/Epic Games/UE_4.27/FeaturePacks/TP_VehicleAdvBP.upack)
[2024.01.18-15.54.32:834][  0]LogPakFile: OnPakFileMounted2Time == 0.000028
[2024.01.18-15.54.32:839][  0]LogPakFile: PakFile PrimaryIndexSize=185
[2024.01.18-15.54.32:839][  0]LogPakFile: PakFile PathHashIndexSize=101
[2024.01.18-15.54.32:839][  0]LogPakFile: PakFile FullDirectoryIndexSize=144
[2024.01.18-15.54.32:839][  0]LogShaderLibrary: Display: ShaderCodeLibraryPakFileMountedCallback: PakFile 'C:/Program Files/Epic Games/UE_4.27/FeaturePacks/TP_VehicleBP.upack' (chunk index -1, root 'root:/') mounted
[2024.01.18-15.54.32:839][  0]LogShaderLibrary: Display: ShaderCodeLibraryPakFileMountedCallback: pending pak file info (ChunkID:-1 Root:root:/ File:C:/Program Files/Epic Games/UE_4.27/FeaturePacks/TP_VehicleBP.upack)
[2024.01.18-15.54.32:839][  0]LogPakFile: OnPakFileMounted2Time == 0.000029
[2024.01.18-15.54.32:844][  0]LogPakFile: PakFile PrimaryIndexSize=192
[2024.01.18-15.54.32:844][  0]LogPakFile: PakFile PathHashIndexSize=101
[2024.01.18-15.54.32:844][  0]LogPakFile: PakFile FullDirectoryIndexSize=158
[2024.01.18-15.54.32:844][  0]LogShaderLibrary: Display: ShaderCodeLibraryPakFileMountedCallback: PakFile 'C:/Program Files/Epic Games/UE_4.27/FeaturePacks/TP_VirtualRealityBP.upack' (chunk index -1, root 'root:/') mounted
[2024.01.18-15.54.32:844][  0]LogShaderLibrary: Display: ShaderCodeLibraryPakFileMountedCallback: pending pak file info (ChunkID:-1 Root:root:/ File:C:/Program Files/Epic Games/UE_4.27/FeaturePacks/TP_VirtualRealityBP.upack)
[2024.01.18-15.54.32:844][  0]LogPakFile: OnPakFileMounted2Time == 0.000030
[2024.01.18-15.54.33:020][  0]LogNativeClassHierarchy: Verbose: Native class hierarchy updated for 'AddContentDialog' in 0.0002 seconds. Added 0 classes and 0 folders.
[2024.01.18-15.54.33:021][  0]LogNativeClassHierarchy: Verbose: Native class hierarchy updated for 'SceneOutliner' in 0.0002 seconds. Added 2 classes and 0 folders.
[2024.01.18-15.54.33:064][  0]LogSlate: Took 0.007396 seconds to synchronously load lazily loaded font '../../../Engine/Content/Editor/Slate/Fonts/FontAwesome.ttf' (139K)
[2024.01.18-15.54.33:065][  0]LogSlate: Took 0.000155 seconds to synchronously load lazily loaded font '../../../Engine/Content/Slate/Fonts/Roboto-Bold.ttf' (160K)
[2024.01.18-15.54.33:177][  0]LogRenderer: Reallocating scene render targets to support 716x400 Format 10 NumSamples 1 (Frame:1).
[2024.01.18-15.54.33:257][  0]LogSlate: Took 0.005789 seconds to synchronously load lazily loaded font '../../../Engine/Content/Slate/Fonts/Roboto-Light.ttf' (167K)
[2024.01.18-15.54.33:314][  0]LogNativeClassHierarchy: Verbose: Native class hierarchy updated for 'HierarchicalLODOutliner' in 0.0003 seconds. Added 0 classes and 0 folders.
[2024.01.18-15.54.33:314][  0]LogInput: Warning: Action SetDestination uses invalid key OculusGo_Left_Trigger_Click.
[2024.01.18-15.54.33:314][  0]LogInput: Warning: Action ResetVR uses invalid key OculusGo_Left_Back_Click.
[2024.01.18-15.54.33:314][  0]LogInput: Warning: Use -RemoveInvalidKeys to remove instances of these keys from the action mapping.
[2024.01.18-15.54.33:314][  0]LogLoad: (Engine Initialization) Total time: 22.97 seconds
[2024.01.18-15.54.33:314][  0]LogLoad: (Engine Initialization) Total Blueprint compile time: 0.00 seconds
[2024.01.18-15.54.33:370][  0]LogAssetRegistry: Asset discovery search completed in 20.4516 seconds
[2024.01.18-15.54.33:375][  0]LogCollectionManager: Fixed up redirectors for 0 collections in 0.000003 seconds (updated 0 objects)
[2024.01.18-15.54.33:386][  0]LogContentStreaming: Texture pool size now 1000 MB
[2024.01.18-15.54.38:700][294]LogUObjectHash: Compacting FUObjectHashTables data took   0.52ms
[2024.01.18-15.54.38:729][294]LogSlate: Window 'PGV_tower_defense - Unreal Editor' being destroyed
[2024.01.18-15.54.38:793][295]Cmd: QUIT_EDITOR
[2024.01.18-15.54.38:793][295]LogCore: Engine exit requested (reason: UUnrealEdEngine::CloseEditor())
[2024.01.18-15.54.38:797][295]LogCore: Engine exit requested (reason: EngineExit() was called; note: exit was already requested)
[2024.01.18-15.54.38:798][295]LogAudio: Display: Beginning Audio Device Manager Shutdown (Module: AudioMixerXAudio2)...
[2024.01.18-15.54.38:798][295]LogAudio: Display: Destroying 1 Remaining Audio Device(s)...
[2024.01.18-15.54.38:798][295]LogAudio: Display: Audio Device unregistered from world 'Level01'.
[2024.01.18-15.54.38:798][295]LogAudioMixer: FMixerPlatformXAudio2::StopAudioStream() called
[2024.01.18-15.54.38:799][295]LogAudioMixer: FMixerPlatformXAudio2::StopAudioStream() called
[2024.01.18-15.54.38:814][295]LogAudio: Display: Audio Device Manager Shutdown
[2024.01.18-15.54.39:676][295]LogWindows: Error: === Critical error: ===
[2024.01.18-15.54.39:676][295]LogWindows: Error: 
[2024.01.18-15.54.39:676][295]LogWindows: Error: Fatal error!
[2024.01.18-15.54.39:676][295]LogWindows: Error: 
[2024.01.18-15.54.39:676][295]LogWindows: Error: Unhandled Exception: EXCEPTION_ACCESS_VIOLATION reading address 0x0000000000000000
[2024.01.18-15.54.39:676][295]LogWindows: Error: 
[2024.01.18-15.54.39:676][295]LogWindows: Error: [Callstack] 0x00007fff797c83df msctf.dll!UnknownFunction []
[2024.01.18-15.54.39:676][295]LogWindows: Error: [Callstack] 0x00007fff797c124c msctf.dll!UnknownFunction []
[2024.01.18-15.54.39:676][295]LogWindows: Error: [Callstack] 0x00007fff797ce032 msctf.dll!UnknownFunction []
[2024.01.18-15.54.39:676][295]LogWindows: Error: [Callstack] 0x00007fff797b776e msctf.dll!UnknownFunction []
[2024.01.18-15.54.39:676][295]LogWindows: Error: [Callstack] 0x00007fff797b70d5 msctf.dll!UnknownFunction []
[2024.01.18-15.54.39:676][295]LogWindows: Error: [Callstack] 0x00007fff797b6f7f msctf.dll!UnknownFunction []
[2024.01.18-15.54.39:676][295]LogWindows: Error: [Callstack] 0x00007fff794f2b12 IMM32.dll!UnknownFunction []
[2024.01.18-15.54.39:676][295]LogWindows: Error: [Callstack] 0x00007fff794f8478 IMM32.dll!UnknownFunction []
[2024.01.18-15.54.39:676][295]LogWindows: Error: [Callstack] 0x00007fff797bbba4 msctf.dll!UnknownFunction []
[2024.01.18-15.54.39:676][295]LogWindows: Error: [Callstack] 0x00007fff797d9b1b msctf.dll!UnknownFunction []
[2024.01.18-15.54.39:676][295]LogWindows: Error: [Callstack] 0x00007fff7980c616 msctf.dll!UnknownFunction []
[2024.01.18-15.54.39:676][295]LogWindows: Error: [Callstack] 0x00007fff794fa6bb IMM32.dll!UnknownFunction []
[2024.01.18-15.54.39:676][295]LogWindows: Error: [Callstack] 0x00007fff794fac2e IMM32.dll!UnknownFunction []
[2024.01.18-15.54.39:676][295]LogWindows: Error: [Callstack] 0x00007fff5f05bf50 UE4Editor-ApplicationCore.dll!UnknownFunction []
[2024.01.18-15.54.39:676][295]LogWindows: Error: [Callstack] 0x00007fff5f02aa6b UE4Editor-ApplicationCore.dll!UnknownFunction []
[2024.01.18-15.54.39:676][295]LogWindows: Error: [Callstack] 0x00007fff5f02fd9a UE4Editor-ApplicationCore.dll!UnknownFunction []
[2024.01.18-15.54.39:676][295]LogWindows: Error: [Callstack] 0x00007fff1493601d UE4Editor-Slate.dll!UnknownFunction []
[2024.01.18-15.54.39:676][295]LogWindows: Error: [Callstack] 0x00007ff6500903be UE4Editor.exe!UnknownFunction []
[2024.01.18-15.54.39:676][295]LogWindows: Error: [Callstack] 0x00007ff650091063 UE4Editor.exe!UnknownFunction []
[2024.01.18-15.54.39:676][295]LogWindows: Error: [Callstack] 0x00007ff6500910ba UE4Editor.exe!UnknownFunction []
[2024.01.18-15.54.39:676][295]LogWindows: Error: [Callstack] 0x00007ff6500940dd UE4Editor.exe!UnknownFunction []
[2024.01.18-15.54.39:676][295]LogWindows: Error: [Callstack] 0x00007ff6500a5984 UE4Editor.exe!UnknownFunction []
[2024.01.18-15.54.39:676][295]LogWindows: Error: [Callstack] 0x00007ff6500a853a UE4Editor.exe!UnknownFunction []
[2024.01.18-15.54.39:676][295]LogWindows: Error: [Callstack] 0x00007fff796c257d KERNEL32.DLL!UnknownFunction []
[2024.01.18-15.54.39:676][295]LogWindows: Error: [Callstack] 0x00007fff7aecaa58 ntdll.dll!UnknownFunction []
[2024.01.18-15.54.39:676][295]LogWindows: Error: 
[2024.01.18-15.54.39:681][295]LogExit: Executing StaticShutdownAfterError
[2024.01.18-15.54.39:684][295]LogWindows: FPlatformMisc::RequestExit(1)
[2024.01.18-15.54.39:684][295]LogWindows: FPlatformMisc::RequestExitWithStatus(1, 3)
[2024.01.18-15.54.39:684][295]LogCore: Engine exit requested (reason: Win RequestExit; note: exit was already requested)
[2024.01.18-15.54.39:692][295]Log file closed, 01/18/24 16:54:39
